<?xml version="1.0" encoding="UTF-8"?>
<!-- Generated by org.testng.reporters.JUnitXMLReporter -->
<testsuite hostname="DESKTOP-DEB4I2G" name="Test" tests="19" failures="3" timestamp="23 Aug 2016 10:19:56 GMT" time="2616.659" errors="0">
  <testcase name="loadPage" time="5.599" classname="com.automation.main.TestSuitePreSetCopyRecordingsAndPastCourse"/>
  <testcase name="loginCourses" time="735.837" classname="com.automation.main.TestSuitePreSetCopyRecordingsAndPastCourse"/>
  <testcase name="loadPage" time="5.039" classname="com.automation.main.TC17905TryToCopyFromPastCourseToAnotherPastCourseToItself"/>
  <testcase name="loadPage" time="6.33" classname="com.automation.main.TC17906TryToCopyFromActiveCourseToPastCourse"/>
  <testcase name="loginCourses" time="22.123" classname="com.automation.main.TC17906TryToCopyFromActiveCourseToPastCourse"/>
  <testcase name="loadPage" time="6.355" classname="com.automation.main.TC17907TryToMoveFromActiveCourseToPastCourse"/>
  <testcase name="loginCourses" time="16.889" classname="com.automation.main.TC17907TryToMoveFromActiveCourseToPastCourse"/>
  <testcase name="testUiExistence" time="18.685" classname="com.automation.main.TC17942VerifyTheDisabledTasks"/>
  <testcase name="testUiExistence" time="31.434" classname="com.automation.main.TC17903VerifyTheUI"/>
  <testcase name="test24766" time="278.69" classname="com.automation.main.TC24766VerifyCopyFromPastCourseToActiveCourse"/>
  <testcase name="preTestCreateNewUser" time="0.019" classname="com.automation.main.TC17901CreatePastCourseAndVerifyAppearanceAccordinglyToEnrollementStatus"/>
  <testcase name="test17901" time="34.484" classname="com.automation.main.TC17901CreatePastCourseAndVerifyAppearanceAccordinglyToEnrollementStatus"/>
  <testcase name="loginCourses" time="276.691" classname="com.automation.main.TC17925VerifyThePastCourseFunctionalityWithRegularRecordings">
    <failure type="java.lang.AssertionError" message="expected [true] but found [false]">
      <![CDATA[java.lang.AssertionError: expected [true] but found [false]
	at com.automation.main.ConfirmationMenu.clickOnOkButtonAfterConfirmEditRecordingProperties(ConfirmationMenu.java:380)
	at com.automation.main.TC17925VerifyThePastCourseFunctionalityWithRegularRecordings.loginCourses(TC17925VerifyThePastCourseFunctionalityWithRegularRecordings.java:356)
... Removed 29 stack frames]]>
    </failure>
  </testcase> <!-- loginCourses -->
  <testcase name="test17938" time="369.276" classname="com.automation.main.TC17938VerifyPastCourseWithTestRecording"/>
  <testcase name="test17929" time="333.923" classname="com.automation.main.TC17933VerifypastCourseWithStudentRecording"/>
  <testcase name="test17929" time="200.18" classname="com.automation.main.TC17929And17941And17944PastCourses">
    <failure type="org.openqa.selenium.TimeoutException" message="Timed out after 30 seconds waiting for visibility of Proxy element for: DefaultElementLocator &amp;apos;By.id: alertWindow&amp;apos;
Build info: version: &amp;apos;2.53.1&amp;apos;, revision: &amp;apos;a36b8b1cd5757287168e54b817830adce9b0158d&amp;apos;, time: &amp;apos;2016-06-30 19:26:09&amp;apos;
System info: host: &amp;apos;DESKTOP-DEB4I2G&amp;apos;, ip: &amp;apos;192.168.0.239&amp;apos;, os.name: &amp;apos;Windows 10&amp;apos;, os.arch: &amp;apos;amd64&amp;apos;, os.version: &amp;apos;10.0&amp;apos;, java.version: &amp;apos;1.8.0_77&amp;apos;
Driver info: org.openqa.selenium.chrome.ChromeDriver
Capabilities [{applicationCacheEnabled=false, rotatable=false, mobileEmulationEnabled=false, chrome={chromedriverVersion=2.22.397933 (1cab651507b88dec79b2b2a22d1943c01833cc1b), userDataDir=C:\Users\Mickael\AppData\Local\Temp\scoped_dir15540_28685}, takesHeapSnapshot=true, databaseEnabled=false, handlesAlerts=true, hasTouchScreen=false, version=52.0.2743.116, platform=XP, browserConnectionEnabled=false, nativeEvents=true, acceptSslCerts=true, locationContextEnabled=true, webStorageEnabled=true, browserName=chrome, takesScreenshot=true, javascriptEnabled=true, cssSelectorsEnabled=true}]
Session ID: 1ec85ef0955de0874bf504e2c5855d33">
      <![CDATA[org.openqa.selenium.TimeoutException: Timed out after 30 seconds waiting for visibility of Proxy element for: DefaultElementLocator 'By.id: alertWindow'
Build info: version: '2.53.1', revision: 'a36b8b1cd5757287168e54b817830adce9b0158d', time: '2016-06-30 19:26:09'
System info: host: 'DESKTOP-DEB4I2G', ip: '192.168.0.239', os.name: 'Windows 10', os.arch: 'amd64', os.version: '10.0', java.version: '1.8.0_77'
Driver info: org.openqa.selenium.chrome.ChromeDriver
Capabilities [{applicationCacheEnabled=false, rotatable=false, mobileEmulationEnabled=false, chrome={chromedriverVersion=2.22.397933 (1cab651507b88dec79b2b2a22d1943c01833cc1b), userDataDir=C:\Users\Mickael\AppData\Local\Temp\scoped_dir15540_28685}, takesHeapSnapshot=true, databaseEnabled=false, handlesAlerts=true, hasTouchScreen=false, version=52.0.2743.116, platform=XP, browserConnectionEnabled=false, nativeEvents=true, acceptSslCerts=true, locationContextEnabled=true, webStorageEnabled=true, browserName=chrome, takesScreenshot=true, javascriptEnabled=true, cssSelectorsEnabled=true}]
Session ID: 1ec85ef0955de0874bf504e2c5855d33
	at org.openqa.selenium.support.ui.WebDriverWait.timeoutException(WebDriverWait.java:80)
	at org.openqa.selenium.support.ui.FluentWait.until(FluentWait.java:261)
	at com.automation.main.Page.waitForVisibility(Page.java:124)
	at com.automation.main.ConfirmationMenu.clickOnOkButton(ConfirmationMenu.java:54)
	at com.automation.main.RecordingHelperPage.toUploadAdditionalContentFile(RecordingHelperPage.java:2375)
	at com.automation.main.TC17929And17941And17944PastCourses.test17929(TC17929And17941And17944PastCourses.java:328)
Caused by: org.openqa.selenium.NoSuchElementException: no such element: Unable to locate element: {"method":"id","selector":"alertWindow"}
  (Session info: chrome=52.0.2743.116)
  (Driver info: chromedriver=2.22.397933 (1cab651507b88dec79b2b2a22d1943c01833cc1b),platform=Windows NT 10.0.10586 x86_64) (WARNING: The server did not provide any stacktrace information)
Command duration or timeout: 34 milliseconds
For documentation on this error, please visit: http://seleniumhq.org/exceptions/no_such_element.html
Build info: version: '2.53.1', revision: 'a36b8b1cd5757287168e54b817830adce9b0158d', time: '2016-06-30 19:26:09'
System info: host: 'DESKTOP-DEB4I2G', ip: '192.168.0.239', os.name: 'Windows 10', os.arch: 'amd64', os.version: '10.0', java.version: '1.8.0_77'
Driver info: org.openqa.selenium.chrome.ChromeDriver
Capabilities [{applicationCacheEnabled=false, rotatable=false, mobileEmulationEnabled=false, chrome={chromedriverVersion=2.22.397933 (1cab651507b88dec79b2b2a22d1943c01833cc1b), userDataDir=C:\Users\Mickael\AppData\Local\Temp\scoped_dir15540_28685}, takesHeapSnapshot=true, databaseEnabled=false, handlesAlerts=true, hasTouchScreen=false, version=52.0.2743.116, platform=XP, browserConnectionEnabled=false, nativeEvents=true, acceptSslCerts=true, locationContextEnabled=true, webStorageEnabled=true, browserName=chrome, takesScreenshot=true, javascriptEnabled=true, cssSelectorsEnabled=true}]
Session ID: 1ec85ef0955de0874bf504e2c5855d33
*** Element info: {Using=id, value=alertWindow}
	at org.openqa.selenium.remote.ErrorHandler.createThrowable(ErrorHandler.java:206)
	at org.openqa.selenium.remote.ErrorHandler.throwIfResponseFailed(ErrorHandler.java:158)
	at org.openqa.selenium.remote.RemoteWebDriver.execute(RemoteWebDriver.java:678)
	at org.openqa.selenium.remote.RemoteWebDriver.findElement(RemoteWebDriver.java:363)
	at org.openqa.selenium.remote.RemoteWebDriver.findElementById(RemoteWebDriver.java:413)
	at org.openqa.selenium.By$ById.findElement(By.java:218)
	at org.openqa.selenium.remote.RemoteWebDriver.findElement(RemoteWebDriver.java:355)
	at org.openqa.selenium.support.pagefactory.DefaultElementLocator.findElement(DefaultElementLocator.java:69)
	at org.openqa.selenium.support.pagefactory.internal.LocatingElementHandler.invoke(LocatingElementHandler.java:38)
	at com.sun.proxy.$Proxy8.isDisplayed(Unknown Source)
	at org.openqa.selenium.support.ui.ExpectedConditions.elementIfVisible(ExpectedConditions.java:302)
	at org.openqa.selenium.support.ui.ExpectedConditions.access$100(ExpectedConditions.java:41)
	at org.openqa.selenium.support.ui.ExpectedConditions$10.apply(ExpectedConditions.java:288)
	at org.openqa.selenium.support.ui.ExpectedConditions$10.apply(ExpectedConditions.java:285)
	at org.openqa.selenium.support.ui.FluentWait.until(FluentWait.java:238)
	... 28 more
... Removed 27 stack frames]]>
    </failure>
  </testcase> <!-- test17929 -->
  <testcase name="test17941" time="0.0" classname="com.automation.main.TC17929And17941And17944PastCourses">
    <skipped/>
  </testcase> <!-- test17941 -->
  <testcase name="test17944" time="0.0" classname="com.automation.main.TC17929And17941And17944PastCourses">
    <skipped/>
  </testcase> <!-- test17944 -->
  <testcase name="TC24835VerifyStudentsCantSeePastCourseTab" time="216.578" classname="com.automation.main.TC24835VerifyStudentsCantSeePastCourseTab">
    <failure type="java.lang.AssertionError" message="expected [true] but found [false]">
      <![CDATA[java.lang.AssertionError: expected [true] but found [false]
	at com.automation.main.RecordingHelperPage.clickOnRecordingsTab(RecordingHelperPage.java:2483)
	at com.automation.main.TC24835VerifyStudentsCantSeePastCourseTab.TC24835VerifyStudentsCantSeePastCourseTab(TC24835VerifyStudentsCantSeePastCourseTab.java:211)
... Removed 28 stack frames]]>
    </failure>
  </testcase> <!-- TC24835VerifyStudentsCantSeePastCourseTab -->
</testsuite> <!-- Test -->
