<!DOCTYPE html>

<html>
    <head>
        <title>Pie Charts</title>

        <link rel="stylesheet" type="text/css" href="../../../../../../../../../../HTML_Design_Files/CSS/design.css" />
        <link rel="stylesheet" type="text/css" href="../../../../../../../../../../HTML_Design_Files/CSS/jquery.jqplot.css" />

        <script type="text/javascript" src="../../../../../../../../../../HTML_Design_Files/JS/jquery.min.js"></script>
        <script type="text/javascript" src="../../../../../../../../../../HTML_Design_Files/JS/jquery.jqplot.min.js"></script>
        <!--[if lt IE 9]>
        <script language="javascript" type="text/javascript" src="../../../../../../../../../../HTML_Design_Files/JS/excanvas.js"></script>
        <![endif]-->

        <script language="javascript" type="text/javascript" src="../../../../../../../../../../HTML_Design_Files/JS/jqplot.pieRenderer.min.js"></script>
        <script language="javascript" type="text/javascript">$(document).ready(function() { $(".exception").hide(); $("#showmenu").show(); $('#showmenu').click(function() { $('.exception').toggle("slide"); }); });        </script>    </head>
    <body>
        <table id="mainTable">
            <tr id="header" >
                <td id="logo"><img src="../../../../../../../../../../HTML_Design_Files/IMG/atu.jpg" alt="Logo" height="80" width="140" /> <br/><i style="float:left;padding-left:20px;font-size:12px">Reflections of Visionary Minds</i></td>
                <td id="headertext">
           My Proj Reports         
<div style="padding-right:20px;float:right"><img src="../../../../../../../../../../HTML_Design_Files/IMG/google.png" height="70" width="140" /> </i></div>                </td>
            </tr>

            <tr id="container">
                <td id="menu">
                    <ul> 

 <li class="menuStyle"><a href="../../../../../../../../../../index.html" >Index</a></li><li style="padding-top: 4px;"><a href="../../../../../../../../../ConsolidatedPage.html" >Consolidated Page</a></li>


                    </ul>
                </td>


<td id="content">   
                    <div class="info">
                        The following table lists down the Sequential Steps during the Run <br/>
TestCase Name: <b>test22032  :  Iteration 1</b><br/>                        Time Taken for Executing: <b>194 Sec</b> <br/>
                        Current Run Number: <b>Run 136</b></br>
Method Type: <b>Test Method</b></br>                    </div>
<div class="info"><br/><b>Requirement Coverage/ TestCase Description</b><br/><br/>Requirement Coverage/Build Info/Cycle - Description</div>
<div class="chartStyle summary" style="background-color: #646D7E;width: 30%; height: 200px;">          
                        <b>Execution Platform Details</b><br/><br/>
                        <table>
                            <tr>
                                <td>O.S</td>
                                <td>&nbsp;&nbsp;:&nbsp;&nbsp;</td>
                                <td>Windows 8.1, amd64Bit, v6.3</td>
                            </tr>
                            <tr>
                                <td>Java</td>
                                <td>&nbsp;&nbsp;:&nbsp;&nbsp;</td>
                                <td>1.8.0_65</td>
                            </tr>

                            <tr>
                                <td>Hostname</td>
                                <td>&nbsp;&nbsp;:&nbsp;&nbsp;</td>
                                <td>QA-2-Win8_1-64</td>
                            </tr>

                            <tr>
                                <td>Selenium</td>
                                <td>&nbsp;&nbsp;:&nbsp;&nbsp;</td>
                                <td>2.53.1</td>
                            </tr>
                        </table>  
                    </div>
                   
 <div class="chartStyle summary" style="background-color: #E03C31;margin-left: 20px; height: 200px;width: 30%; ">
                        <b>Summary</b><br/><br/>
                        <table>
                            <tr>
                                <td>Status</td>
                                <td>&nbsp;&nbsp;:&nbsp;&nbsp;</td>
                                <td>Failed</td>
                            </tr>
                            <tr>
                                <td>Execution Date</td>
                                <td>&nbsp;&nbsp;:&nbsp;&nbsp;</td>
                                <td>07-Dec-2016 09:43:11</td>
                            </tr>
                            

                            <tr>
                                <td>Browser</td>
                                <td>&nbsp;&nbsp;:&nbsp;&nbsp;</td>
                                <td>firefox,v47.0.1</td>
                            </tr>
                        </table> 
                    </div>
 <div class="chartStyle summary" style="background-color: #7F525D;margin-left: 20px; height: 200px;width: 30%; ">
                       <b>Author Info</b><br/><br/>
                        <table>
                            <tr>
                                <td>Author Name</td>
                                <td>&nbsp;&nbsp;:&nbsp;&nbsp;</td>
                                <td>Unknown</td>                                
                            </tr>
                            <tr>
                                <td>Creation Date</td>
                                <td>&nbsp;&nbsp;:&nbsp;&nbsp;</td>
                                <td>Unknown</td>
                            </tr>
                            <tr>
                                <td>Version</td>
                                <td>&nbsp;&nbsp;:&nbsp;&nbsp;</td>
                                <td>Unknown</td>
                            </tr>
                            <tr>
                                <td>System User</td>
                                <td>&nbsp;&nbsp;:&nbsp;&nbsp;</td>
                                <td>MoshikK</td>
                            </tr>
                        </table> 
                    </div>
                    
   <div>
                        <table class="chartStyle" id="tableStyle" style="height:50px; float: left">
                            <tr>
                                <th>S.No</th>
                                <th>Step Description</th>
                                <th>Input Value</th>
                                <th>Expected Value</th>
                                <th>Actual Value</th>
                                <th>Time</th>
                                <th>Line No</th>
                                <th>Status</th>
                                <th>Screen shot</th>
                            </tr>
                           

<tr><td>1</td>
<td> load page succeeded</td>
<td>https://awsserverautomation-perf-5.tegrity.com</td>
<td></td>
<td></td>
<td>5 Sec</td>
<td>454</td>
<td><img style="height:20px;width:20px;border:none"  alt="PASS" src="../../../../../../../../../..//HTML_Design_Files/IMG/logpass.png" /></td>
<td><a href="img/1.PNG"><img alt="No Screenshot" src="img/1.PNG"/></a></td>
</tr><tr><td>2</td>
<td>Clicked on Login element</td>
<td></td>
<td>Clicked succeeded.</td>
<td>Clicked succeeded..</td>
<td>5 Sec</td>
<td>129</td>
<td><img style="height:20px;width:20px;border:none"  alt="PASS" src="../../../../../../../../../..//HTML_Design_Files/IMG/logpass.png" /></td>
<td></td>
</tr><tr><td>3</td>
<td>Tegrity courses home page is visible</td>
<td>SuperUser20102016020946</td>
<td>Course List page is displayed</td>
<td>Course List page is displayed</td>
<td>4 Sec</td>
<td>138</td>
<td><img style="height:20px;width:20px;border:none"  alt="PASS" src="../../../../../../../../../..//HTML_Design_Files/IMG/logpass.png" /></td>
<td></td>
</tr><tr><td>4</td>
<td>successflly select the course.</td>
<td></td>
<td></td>
<td></td>
<td>5 Sec</td>
<td>272</td>
<td><img style="height:20px;width:20px;border:none"  alt="PASS" src="../../../../../../../../../..//HTML_Design_Files/IMG/logpass.png" /></td>
<td></td>
</tr><tr><td>5</td>
<td>select the course: abcawsserverautomation-perf-520102016020946_Name</td>
<td></td>
<td></td>
<td></td>
<td>4 Sec</td>
<td>434</td>
<td><img style="height:20px;width:20px;border:none"  alt="PASS" src="../../../../../../../../../..//HTML_Design_Files/IMG/logpass.png" /></td>
<td></td>
</tr><tr><td>6</td>
<td>Target course name for this test is: abcawsserverautomation-perf-520102016020946_Name</td>
<td></td>
<td></td>
<td></td>
<td>14 Milli Sec</td>
<td>151</td>
<td><img style="height:20px;width:20px;border:none"  alt="PASS" src="../../../../../../../../../..//HTML_Design_Files/IMG/logpass.png" /></td>
<td></td>
</tr><tr><td>7</td>
<td>Sign Out succeeded</td>
<td></td>
<td></td>
<td></td>
<td>3 Sec</td>
<td>569</td>
<td><img style="height:20px;width:20px;border:none"  alt="PASS" src="../../../../../../../../../..//HTML_Design_Files/IMG/logpass.png" /></td>
<td></td>
</tr><tr><td>8</td>
<td>Clicked on Login element</td>
<td></td>
<td>Clicked succeeded.</td>
<td>Clicked succeeded..</td>
<td>5 Sec</td>
<td>84</td>
<td><img style="height:20px;width:20px;border:none"  alt="PASS" src="../../../../../../../../../..//HTML_Design_Files/IMG/logpass.png" /></td>
<td></td>
</tr><tr><td>9</td>
<td>Login as</td>
<td>mickael</td>
<td>Success login</td>
<td>Success login</td>
<td>14 Milli Sec</td>
<td>167</td>
<td><img style="height:20px;width:20px;border:none"  alt="PASS" src="../../../../../../../../../..//HTML_Design_Files/IMG/logpass.png" /></td>
<td></td>
</tr><tr><td>10</td>
<td>Click on target submenu of Courses:View Course List</td>
<td></td>
<td>Clicked on target submenu.</td>
<td>Clicked on target submenu.</td>
<td>4 Sec</td>
<td>153</td>
<td><img style="height:20px;width:20px;border:none"  alt="PASS" src="../../../../../../../../../..//HTML_Design_Files/IMG/logpass.png" /></td>
<td></td>
</tr><tr><td>11</td>
<td>Moving to the course through get method</td>
<td></td>
<td></td>
<td></td>
<td>5 Sec</td>
<td>85</td>
<td><img style="height:20px;width:20px;border:none"  alt="PASS" src="../../../../../../../../../..//HTML_Design_Files/IMG/logpass.png" /></td>
<td></td>
</tr><tr><td>12</td>
<td>select the Checkbox Checkbox1</td>
<td></td>
<td>Success to select.</td>
<td>Sucess to select.</td>
<td>2 Sec</td>
<td>3986</td>
<td><img style="height:20px;width:20px;border:none"  alt="PASS" src="../../../../../../../../../..//HTML_Design_Files/IMG/logpass.png" /></td>
<td></td>
</tr><tr><td>13</td>
<td>Select Recording Tasks -> DeleteTask2 menu items</td>
<td></td>
<td>DeleteTask2 window is displayed</td>
<td>DeleteTask2 window is displayed</td>
<td>2 Sec</td>
<td>702</td>
<td><img style="height:20px;width:20px;border:none"  alt="PASS" src="../../../../../../../../../..//HTML_Design_Files/IMG/logpass.png" /></td>
<td></td>
</tr><tr><td>14</td>
<td>Delete window.</td>
<td></td>
<td>Open.</td>
<td>Open.</td>
<td>31 Milli Sec</td>
<td>108</td>
<td><img style="height:20px;width:20px;border:none"  alt="PASS" src="../../../../../../../../../..//HTML_Design_Files/IMG/logpass.png" /></td>
<td></td>
</tr><tr><td>15</td>
<td>Only selected recording displayed in List of Recordings.</td>
<td></td>
<td>True.</td>
<td>True.</td>
<td>58 Milli Sec</td>
<td>231</td>
<td><img style="height:20px;width:20px;border:none"  alt="PASS" src="../../../../../../../../../..//HTML_Design_Files/IMG/logpass.png" /></td>
<td></td>
</tr><tr><td>16</td>
<td>Click Delete button</td>
<td></td>
<td>Clicked on delete button</td>
<td>Clicked on delete button</td>
<td>2 Sec</td>
<td>76</td>
<td><img style="height:20px;width:20px;border:none"  alt="PASS" src="../../../../../../../../../..//HTML_Design_Files/IMG/logpass.png" /></td>
<td></td>
</tr><tr><td>17</td>
<td>Delete window.</td>
<td></td>
<td>Close.</td>
<td>Close.</td>
<td>2 Sec</td>
<td>94</td>
<td><img style="height:20px;width:20px;border:none"  alt="PASS" src="../../../../../../../../../..//HTML_Design_Files/IMG/logpass.png" /></td>
<td></td>
</tr><tr><td>18</td>
<td>Recording is not dispaly in recording list.</td>
<td></td>
<td>True.</td>
<td>True.</td>
<td>5 Sec</td>
<td>253</td>
<td><img style="height:20px;width:20px;border:none"  alt="PASS" src="../../../../../../../../../..//HTML_Design_Files/IMG/logpass.png" /></td>
<td></td>
</tr><tr><td>19</td>
<td>Select StudentRecordingsTab -> StudentRecordingsTab</td>
<td></td>
<td>StudentRecordingsTab was click</td>
<td>StudentRecordingsTab was clicked</td>
<td>4 Sec</td>
<td>1098</td>
<td><img style="height:20px;width:20px;border:none"  alt="PASS" src="../../../../../../../../../..//HTML_Design_Files/IMG/logpass.png" /></td>
<td></td>
</tr><tr><td>20</td>
<td>select the Checkbox Checkbox1</td>
<td></td>
<td>Success to select.</td>
<td>Sucess to select.</td>
<td>1 Sec</td>
<td>3986</td>
<td><img style="height:20px;width:20px;border:none"  alt="PASS" src="../../../../../../../../../..//HTML_Design_Files/IMG/logpass.png" /></td>
<td></td>
</tr><tr><td>21</td>
<td>Select Recording Tasks -> DeleteTask2 menu items</td>
<td></td>
<td>DeleteTask2 window is displayed</td>
<td>DeleteTask2 window is displayed</td>
<td>2 Sec</td>
<td>702</td>
<td><img style="height:20px;width:20px;border:none"  alt="PASS" src="../../../../../../../../../..//HTML_Design_Files/IMG/logpass.png" /></td>
<td></td>
</tr><tr><td>22</td>
<td>Delete window.</td>
<td></td>
<td>Open.</td>
<td>Open.</td>
<td>24 Milli Sec</td>
<td>108</td>
<td><img style="height:20px;width:20px;border:none"  alt="PASS" src="../../../../../../../../../..//HTML_Design_Files/IMG/logpass.png" /></td>
<td></td>
</tr><tr><td>23</td>
<td>Only selected recording displayed in List of Recordings.</td>
<td></td>
<td>True.</td>
<td>True.</td>
<td>49 Milli Sec</td>
<td>231</td>
<td><img style="height:20px;width:20px;border:none"  alt="PASS" src="../../../../../../../../../..//HTML_Design_Files/IMG/logpass.png" /></td>
<td></td>
</tr><tr><td>24</td>
<td>Click Delete button</td>
<td></td>
<td>Clicked on delete button</td>
<td>Clicked on delete button</td>
<td>2 Sec</td>
<td>76</td>
<td><img style="height:20px;width:20px;border:none"  alt="PASS" src="../../../../../../../../../..//HTML_Design_Files/IMG/logpass.png" /></td>
<td></td>
</tr><tr><td>25</td>
<td>Delete window.</td>
<td></td>
<td>Close.</td>
<td>Close.</td>
<td>2 Sec</td>
<td>94</td>
<td><img style="height:20px;width:20px;border:none"  alt="PASS" src="../../../../../../../../../..//HTML_Design_Files/IMG/logpass.png" /></td>
<td></td>
</tr><tr><td>26</td>
<td>Recording is not dispaly in recording list.</td>
<td></td>
<td>True.</td>
<td>True.</td>
<td>5 Sec</td>
<td>253</td>
<td><img style="height:20px;width:20px;border:none"  alt="PASS" src="../../../../../../../../../..//HTML_Design_Files/IMG/logpass.png" /></td>
<td></td>
</tr><tr><td>27</td>
<td>Waiting for element visibility</td>
<td></td>
<td>Element is visibile before timout</td>
<td>Element is not visible after timeout</td>
<td>31 Sec</td>
<td>258</td>
<td><img style="height:20px;width:20px;border:none"  alt="WARNING" src="../../../../../../../../../..//HTML_Design_Files/IMG/logwarning.png" /></td>
<td><a href="img/27.PNG"><img alt="No Screenshot" src="img/27.PNG"/></a></td>
</tr><tr><td>28</td>
<td>the page can't load Unable to locate element: {"method":"xpath","selector":"//*[@id='Recording1']/strong"}
Command duration or timeout: 11 milliseconds
For documentation on this error, please visit: http://seleniumhq.org/exceptions/no_such_element.html
Build info: version: '2.53.1', revision: 'a36b8b1cd5757287168e54b817830adce9b0158d', time: '2016-06-30 19:26:09'
System info: host: 'QA-2-Win8_1-64', ip: '192.168.0.235', os.name: 'Windows 8.1', os.arch: 'amd64', os.version: '6.3', java.version: '1.8.0_65'
Driver info: org.openqa.selenium.firefox.FirefoxDriver
Capabilities [{applicationCacheEnabled=true, rotatable=false, handlesAlerts=true, databaseEnabled=true, version=47.0.1, platform=WINDOWS, nativeEvents=false, acceptSslCerts=true, webStorageEnabled=true, locationContextEnabled=true, browserName=firefox, takesScreenshot=true, javascriptEnabled=true, cssSelectorsEnabled=true}]
Session ID: ad226efa-7879-456c-8dba-a543317f1fad
*** Element info: {Using=xpath, value=//*[@id='Recording1']/strong}</td>
<td></td>
<td></td>
<td></td>
<td>40 Sec</td>
<td>2660</td>
<td><img style="height:18px;width:18px;border:none"  alt="FAIL" src="../../../../../../../../../..//HTML_Design_Files/IMG/logfail.png" /></td>
<td><a href="img/28.PNG"><img alt="No Screenshot" src="img/28.PNG"/></a></td>
</tr><tr><td>29</td>
<td>The tab content failed to load: Timed out after 8 seconds waiting for condition to not be valid: text to be "View
Course Tasks
Recording Tasks". Current text: "View
Course Tasks
Recording Tasks"
Build info: version: '2.53.1', revision: 'a36b8b1cd5757287168e54b817830adce9b0158d', time: '2016-06-30 19:26:09'
System info: host: 'QA-2-Win8_1-64', ip: '192.168.0.235', os.name: 'Windows 8.1', os.arch: 'amd64', os.version: '6.3', java.version: '1.8.0_65'
Driver info: org.openqa.selenium.firefox.FirefoxDriver
Capabilities [{applicationCacheEnabled=true, rotatable=false, handlesAlerts=true, databaseEnabled=true, version=47.0.1, platform=WINDOWS, nativeEvents=false, acceptSslCerts=true, webStorageEnabled=true, locationContextEnabled=true, browserName=firefox, takesScreenshot=true, javascriptEnabled=true, cssSelectorsEnabled=true}]
Session ID: ad226efa-7879-456c-8dba-a543317f1fad</td>
<td></td>
<td></td>
<td></td>
<td>8 Sec</td>
<td>1362</td>
<td><img style="height:20px;width:20px;border:none"  alt="WARNING" src="../../../../../../../../../..//HTML_Design_Files/IMG/logwarning.png" /></td>
<td><a href="img/29.PNG"><img alt="No Screenshot" src="img/29.PNG"/></a></td>
</tr><tr><td>30</td>
<td>Select TestsTab -> TestsTab</td>
<td></td>
<td>TestsTab was click</td>
<td>TestsTab was clicked</td>
<td>1 Milli Sec</td>
<td>1777</td>
<td><img style="height:20px;width:20px;border:none"  alt="PASS" src="../../../../../../../../../..//HTML_Design_Files/IMG/logpass.png" /></td>
<td></td>
</tr>
                        </table>  
 <div class="chartStyle summary" style="color: black;width: 98%; height: 100%; padding-bottom: 30px;">          

                        <br/><br/><b>Reason for Failure:&nbsp;&nbsp;</b>No such Element exists With "id" = "Checkbox1"}
Command duration or timeout: 11 milliseconds
For documentation on this error, please visit: http://seleniumhq.org/exceptions/no_such_element.html
Build info: version: '2.53.1', revision: 'a36b8b1cd5757287168e54b817830adce9b0158d', time: '2016-06-30 19:26:09'
System info: host: 'QA-2-Win8_1-64', ip: '192.168.0.235', os.name: 'Windows 8.1', os.arch: 'amd64', os.version: '6.3', java.version: '1.8.0_65'
Driver info: org.openqa.selenium.firefox.FirefoxDriver
Capabilities [{applicationCacheEnabled=true, rotatable=false, handlesAlerts=true, databaseEnabled=true, version=47.0.1, platform=WINDOWS, nativeEvents=false, acceptSslCerts=true, webStorageEnabled=true, locationContextEnabled=true, browserName=firefox, takesScreenshot=true, javascriptEnabled=true, cssSelectorsEnabled=true}]
Session ID: ad226efa-7879-456c-8dba-a543317f1fad
*** Element info: {Using=id, value=Checkbox1<br/><br/>
<b id="showmenu">Click Me to Show/Hide the Full Stack Trace</b><div class="exception">
org.openqa.selenium.NoSuchElementException: Unable to locate element: {"method":"id","selector":"Checkbox1"}
Command duration or timeout: 11 milliseconds
For documentation on this error, please visit: http://seleniumhq.org/exceptions/no_such_element.html
Build info: version: '2.53.1', revision: 'a36b8b1cd5757287168e54b817830adce9b0158d', time: '2016-06-30 19:26:09'
System info: host: 'QA-2-Win8_1-64', ip: '192.168.0.235', os.name: 'Windows 8.1', os.arch: 'amd64', os.version: '6.3', java.version: '1.8.0_65'
Driver info: org.openqa.selenium.firefox.FirefoxDriver
Capabilities [{applicationCacheEnabled=true, rotatable=false, handlesAlerts=true, databaseEnabled=true, version=47.0.1, platform=WINDOWS, nativeEvents=false, acceptSslCerts=true, webStorageEnabled=true, locationContextEnabled=true, browserName=firefox, takesScreenshot=true, javascriptEnabled=true, cssSelectorsEnabled=true}]
Session ID: ad226efa-7879-456c-8dba-a543317f1fad
*** Element info: {Using=id, value=Checkbox1}
	at sun.reflect.GeneratedConstructorAccessor14.newInstance(Unknown Source)
	at sun.reflect.DelegatingConstructorAccessorImpl.newInstance(DelegatingConstructorAccessorImpl.java:45)
	at java.lang.reflect.Constructor.newInstance(Constructor.java:422)
	at org.openqa.selenium.remote.ErrorHandler.createThrowable(ErrorHandler.java:206)
	at org.openqa.selenium.remote.ErrorHandler.throwIfResponseFailed(ErrorHandler.java:158)
	at org.openqa.selenium.remote.RemoteWebDriver.execute(RemoteWebDriver.java:678)
	at org.openqa.selenium.remote.RemoteWebDriver.findElement(RemoteWebDriver.java:363)
	at org.openqa.selenium.remote.RemoteWebDriver.findElementById(RemoteWebDriver.java:413)
	at org.openqa.selenium.By$ById.findElement(By.java:218)
	at org.openqa.selenium.remote.RemoteWebDriver.findElement(RemoteWebDriver.java:355)
	at org.openqa.selenium.support.pagefactory.DefaultElementLocator.findElement(DefaultElementLocator.java:69)
	at org.openqa.selenium.support.pagefactory.internal.LocatingElementHandler.invoke(LocatingElementHandler.java:38)
	at com.sun.proxy.$Proxy7.getAttribute(Unknown Source)
	at com.automation.main.page_helpers.RecordingHelperPage.SelectOneCheckBoxOrVerifyAlreadySelected(RecordingHelperPage.java:3991)
	at com.automation.main.admin_course_view_recording_tasks.TC22032DeleteARegularRecordingAsADMIN.test22032(TC22032DeleteARegularRecordingAsADMIN.java:191)
	at sun.reflect.NativeMethodAccessorImpl.invoke0(Native Method)
	at sun.reflect.NativeMethodAccessorImpl.invoke(NativeMethodAccessorImpl.java:62)
	at sun.reflect.DelegatingMethodAccessorImpl.invoke(DelegatingMethodAccessorImpl.java:43)
	at java.lang.reflect.Method.invoke(Method.java:497)
	at org.testng.internal.MethodInvocationHelper.invokeMethod(MethodInvocationHelper.java:86)
	at org.testng.internal.Invoker.invokeMethod(Invoker.java:643)
	at org.testng.internal.Invoker.invokeTestMethod(Invoker.java:820)
	at org.testng.internal.Invoker.invokeTestMethods(Invoker.java:1128)
	at org.testng.internal.TestMethodWorker.invokeTestMethods(TestMethodWorker.java:129)
	at org.testng.internal.TestMethodWorker.run(TestMethodWorker.java:112)
	at org.testng.TestRunner.privateRun(TestRunner.java:782)
	at org.testng.TestRunner.run(TestRunner.java:632)
	at org.testng.SuiteRunner.runTest(SuiteRunner.java:366)
	at org.testng.SuiteRunner.runSequentially(SuiteRunner.java:361)
	at org.testng.SuiteRunner.privateRun(SuiteRunner.java:319)
	at org.testng.SuiteRunner.run(SuiteRunner.java:268)
	at org.testng.SuiteRunnerWorker.runSuite(SuiteRunnerWorker.java:52)
	at org.testng.SuiteRunnerWorker.run(SuiteRunnerWorker.java:86)
	at org.testng.TestNG.runSuitesSequentially(TestNG.java:1244)
	at org.testng.TestNG.runSuitesLocally(TestNG.java:1169)
	at org.testng.TestNG.run(TestNG.java:1064)
	at org.testng.remote.RemoteTestNG.run(RemoteTestNG.java:113)
	at org.testng.remote.RemoteTestNG.initAndRun(RemoteTestNG.java:206)
	at org.testng.remote.RemoteTestNG.main(RemoteTestNG.java:177)
Caused by: org.openqa.selenium.NoSuchElementException: Unable to locate element: {"method":"id","selector":"Checkbox1"}
For documentation on this error, please visit: http://seleniumhq.org/exceptions/no_such_element.html
Build info: version: '2.53.1', revision: 'a36b8b1cd5757287168e54b817830adce9b0158d', time: '2016-06-30 19:26:09'
System info: host: 'QA-2-Win8_1-64', ip: '192.168.0.235', os.name: 'Windows 8.1', os.arch: 'amd64', os.version: '6.3', java.version: '1.8.0_65'
Driver info: driver.version: unknown
	at <anonymous class>.FirefoxDriver.prototype.findElementInternal_(file:///C:/Users/moshikk/AppData/Local/Temp/anonymous5561565115022385671webdriver-profile/extensions/fxdriver@googlecode.com/components/driver-component.js:10770)
	at <anonymous class>.FirefoxDriver.prototype.findElement(file:///C:/Users/moshikk/AppData/Local/Temp/anonymous5561565115022385671webdriver-profile/extensions/fxdriver@googlecode.com/components/driver-component.js:10779)
	at <anonymous class>.DelayedCommand.prototype.executeInternal_/h(file:///C:/Users/moshikk/AppData/Local/Temp/anonymous5561565115022385671webdriver-profile/extensions/fxdriver@googlecode.com/components/command-processor.js:12661)
	at <anonymous class>.DelayedCommand.prototype.executeInternal_(file:///C:/Users/moshikk/AppData/Local/Temp/anonymous5561565115022385671webdriver-profile/extensions/fxdriver@googlecode.com/components/command-processor.js:12666)
	at <anonymous class>.DelayedCommand.prototype.execute/<(file:///C:/Users/moshikk/AppData/Local/Temp/anonymous5561565115022385671webdriver-profile/extensions/fxdriver@googlecode.com/components/command-processor.js:12608)
</div>                    </div>                    </div>

                </td>
            </tr>            <tr id="footer">
                <td colspan="2">
                    Best Viewed in &nbsp;
                    <a href="http://www.mozilla.org/en-US/firefox/new/">Firefox</a> &nbsp;
                    <a href="http://www.apple.com/in/safari/">Safari</a>&nbsp;
                    <a href="http://www.google.com/chrome/">Chrome</a>&nbsp;
                    <a href="http://windows.microsoft.com/en-IN/internet-explorer/download-ie">IE 9 & Above</a>&nbsp;
                    &nbsp;
ATU Reporter Version: v5.1.1                    &nbsp;
                    Reports by: <a href="http://automationtestingutilities.blogspot.in/">Automation Testing Utilities</a>
                </td>
            </tr>
        </table>
    </body>
</html>
