<?xml version="1.0" encoding="UTF-8"?>
<testng-results skipped="2" failed="11" total="17" passed="4">
  <reporter-output>
    <line>
      <![CDATA[STEP1]]>
    </line>
    <line>
      <![CDATA[STEP2]]>
    </line>
    <line>
      <![CDATA[STEP3]]>
    </line>
    <line>
      <![CDATA[STEP4]]>
    </line>
    <line>
      <![CDATA[STEP5]]>
    </line>
    <line>
      <![CDATA[STEP6]]>
    </line>
    <line>
      <![CDATA[STEP7]]>
    </line>
    <line>
      <![CDATA[STEP8]]>
    </line>
    <line>
      <![CDATA[STEP9]]>
    </line>
    <line>
      <![CDATA[STEP10]]>
    </line>
    <line>
      <![CDATA[STEP11]]>
    </line>
    <line>
      <![CDATA[STEP12]]>
    </line>
    <line>
      <![CDATA[STEP13]]>
    </line>
    <line>
      <![CDATA[STEP14]]>
    </line>
    <line>
      <![CDATA[STEP15]]>
    </line>
    <line>
      <![CDATA[STEP16]]>
    </line>
    <line>
      <![CDATA[STEP17]]>
    </line>
    <line>
      <![CDATA[STEP18]]>
    </line>
    <line>
      <![CDATA[STEP19]]>
    </line>
    <line>
      <![CDATA[STEP20]]>
    </line>
    <line>
      <![CDATA[STEP21]]>
    </line>
    <line>
      <![CDATA[STEP22]]>
    </line>
    <line>
      <![CDATA[STEP23]]>
    </line>
    <line>
      <![CDATA[STEP24]]>
    </line>
    <line>
      <![CDATA[STEP25]]>
    </line>
    <line>
      <![CDATA[STEP26]]>
    </line>
    <line>
      <![CDATA[STEP27]]>
    </line>
    <line>
      <![CDATA[STEP28]]>
    </line>
    <line>
      <![CDATA[STEP29]]>
    </line>
    <line>
      <![CDATA[STEP30]]>
    </line>
    <line>
      <![CDATA[STEP31]]>
    </line>
    <line>
      <![CDATA[STEP32]]>
    </line>
    <line>
      <![CDATA[STEP33]]>
    </line>
    <line>
      <![CDATA[STEP34]]>
    </line>
    <line>
      <![CDATA[STEP35]]>
    </line>
    <line>
      <![CDATA[STEP36]]>
    </line>
    <line>
      <![CDATA[STEP37]]>
    </line>
    <line>
      <![CDATA[STEP38]]>
    </line>
    <line>
      <![CDATA[STEP39]]>
    </line>
    <line>
      <![CDATA[STEP40]]>
    </line>
    <line>
      <![CDATA[STEP41]]>
    </line>
    <line>
      <![CDATA[STEP42]]>
    </line>
    <line>
      <![CDATA[STEP43]]>
    </line>
    <line>
      <![CDATA[STEP44]]>
    </line>
    <line>
      <![CDATA[STEP45]]>
    </line>
    <line>
      <![CDATA[STEP46]]>
    </line>
    <line>
      <![CDATA[STEP47]]>
    </line>
    <line>
      <![CDATA[STEP48]]>
    </line>
    <line>
      <![CDATA[STEP49]]>
    </line>
    <line>
      <![CDATA[STEP50]]>
    </line>
    <line>
      <![CDATA[STEP51]]>
    </line>
    <line>
      <![CDATA[STEP52]]>
    </line>
    <line>
      <![CDATA[STEP53]]>
    </line>
    <line>
      <![CDATA[STEP54]]>
    </line>
    <line>
      <![CDATA[STEP55]]>
    </line>
    <line>
      <![CDATA[STEP56]]>
    </line>
    <line>
      <![CDATA[STEP57]]>
    </line>
    <line>
      <![CDATA[STEP58]]>
    </line>
    <line>
      <![CDATA[STEP59]]>
    </line>
    <line>
      <![CDATA[STEP60]]>
    </line>
    <line>
      <![CDATA[STEP61]]>
    </line>
    <line>
      <![CDATA[STEP62]]>
    </line>
    <line>
      <![CDATA[STEP63]]>
    </line>
    <line>
      <![CDATA[STEP64]]>
    </line>
    <line>
      <![CDATA[STEP65]]>
    </line>
    <line>
      <![CDATA[STEP66]]>
    </line>
    <line>
      <![CDATA[STEP67]]>
    </line>
  </reporter-output>
  <suite name="Suite" duration-ms="913524" started-at="2016-08-23T05:30:27Z" finished-at="2016-08-23T05:45:40Z">
    <groups>
    </groups>
    <test name="Test" duration-ms="913524" started-at="2016-08-23T05:30:27Z" finished-at="2016-08-23T05:45:40Z">
      <class name="com.automation.main.TC17929And17941And17944PastCourses">
        <test-method status="PASS" signature="setup()[pri:0, instance:com.automation.main.TC17929And17941And17944PastCourses@5442a311]" name="setup" is-config="true" duration-ms="3500" started-at="2016-08-23T08:43:02Z" finished-at="2016-08-23T08:43:05Z">
          <reporter-output>
            <line>
              <![CDATA[STEP55]]>
            </line>
            <line>
              <![CDATA[STEP56]]>
            </line>
          </reporter-output>
        </test-method> <!-- setup -->
        <test-method status="FAIL" signature="test17929()[pri:0, instance:com.automation.main.TC17929And17941And17944PastCourses@5442a311]" name="test17929" duration-ms="85847" started-at="2016-08-23T08:43:05Z" finished-at="2016-08-23T08:44:31Z">
          <exception class="org.openqa.selenium.NoSuchElementException">
            <message>
              <![CDATA[no such element: Unable to locate element: {"method":"css selector","selector":"#ctl00_ContentPlaceHolder1_ucAddMemberships_ucDialog_ListBoxAllUsers>option"}
  (Session info: chrome=52.0.2743.116)
  (Driver info: chromedriver=2.22.397933 (1cab651507b88dec79b2b2a22d1943c01833cc1b),platform=Windows NT 10.0.10586 x86_64) (WARNING: The server did not provide any stacktrace information)
Command duration or timeout: 17 milliseconds
For documentation on this error, please visit: http://seleniumhq.org/exceptions/no_such_element.html
Build info: version: '2.53.1', revision: 'a36b8b1cd5757287168e54b817830adce9b0158d', time: '2016-06-30 19:26:09'
System info: host: 'DESKTOP-DEB4I2G', ip: '192.168.0.239', os.name: 'Windows 10', os.arch: 'amd64', os.version: '10.0', java.version: '1.8.0_77'
Driver info: org.openqa.selenium.chrome.ChromeDriver
Capabilities [{applicationCacheEnabled=false, rotatable=false, mobileEmulationEnabled=false, chrome={chromedriverVersion=2.22.397933 (1cab651507b88dec79b2b2a22d1943c01833cc1b), userDataDir=C:\Users\Mickael\AppData\Local\Temp\scoped_dir18772_15525}, takesHeapSnapshot=true, databaseEnabled=false, handlesAlerts=true, hasTouchScreen=false, version=52.0.2743.116, platform=XP, browserConnectionEnabled=false, nativeEvents=true, acceptSslCerts=true, locationContextEnabled=true, webStorageEnabled=true, browserName=chrome, takesScreenshot=true, javascriptEnabled=true, cssSelectorsEnabled=true}]
Session ID: 651458646de5c284753f09592ab25945
*** Element info: {Using=css selector, value=#ctl00_ContentPlaceHolder1_ucAddMemberships_ucDialog_ListBoxAllUsers>option}]]>
            </message>
            <full-stacktrace>
              <![CDATA[org.openqa.selenium.NoSuchElementException: no such element: Unable to locate element: {"method":"css selector","selector":"#ctl00_ContentPlaceHolder1_ucAddMemberships_ucDialog_ListBoxAllUsers>option"}
  (Session info: chrome=52.0.2743.116)
  (Driver info: chromedriver=2.22.397933 (1cab651507b88dec79b2b2a22d1943c01833cc1b),platform=Windows NT 10.0.10586 x86_64) (WARNING: The server did not provide any stacktrace information)
Command duration or timeout: 17 milliseconds
For documentation on this error, please visit: http://seleniumhq.org/exceptions/no_such_element.html
Build info: version: '2.53.1', revision: 'a36b8b1cd5757287168e54b817830adce9b0158d', time: '2016-06-30 19:26:09'
System info: host: 'DESKTOP-DEB4I2G', ip: '192.168.0.239', os.name: 'Windows 10', os.arch: 'amd64', os.version: '10.0', java.version: '1.8.0_77'
Driver info: org.openqa.selenium.chrome.ChromeDriver
Capabilities [{applicationCacheEnabled=false, rotatable=false, mobileEmulationEnabled=false, chrome={chromedriverVersion=2.22.397933 (1cab651507b88dec79b2b2a22d1943c01833cc1b), userDataDir=C:\Users\Mickael\AppData\Local\Temp\scoped_dir18772_15525}, takesHeapSnapshot=true, databaseEnabled=false, handlesAlerts=true, hasTouchScreen=false, version=52.0.2743.116, platform=XP, browserConnectionEnabled=false, nativeEvents=true, acceptSslCerts=true, locationContextEnabled=true, webStorageEnabled=true, browserName=chrome, takesScreenshot=true, javascriptEnabled=true, cssSelectorsEnabled=true}]
Session ID: 651458646de5c284753f09592ab25945
*** Element info: {Using=css selector, value=#ctl00_ContentPlaceHolder1_ucAddMemberships_ucDialog_ListBoxAllUsers>option}
	at sun.reflect.GeneratedConstructorAccessor18.newInstance(Unknown Source)
	at sun.reflect.DelegatingConstructorAccessorImpl.newInstance(Unknown Source)
	at java.lang.reflect.Constructor.newInstance(Unknown Source)
	at org.openqa.selenium.remote.ErrorHandler.createThrowable(ErrorHandler.java:206)
	at org.openqa.selenium.remote.ErrorHandler.throwIfResponseFailed(ErrorHandler.java:158)
	at org.openqa.selenium.remote.RemoteWebDriver.execute(RemoteWebDriver.java:678)
	at org.openqa.selenium.remote.RemoteWebDriver.findElement(RemoteWebDriver.java:363)
	at org.openqa.selenium.remote.RemoteWebDriver.findElementByCssSelector(RemoteWebDriver.java:492)
	at org.openqa.selenium.By$ByCssSelector.findElement(By.java:430)
	at org.openqa.selenium.remote.RemoteWebDriver.findElement(RemoteWebDriver.java:355)
	at org.openqa.selenium.support.pagefactory.DefaultElementLocator.findElement(DefaultElementLocator.java:69)
	at org.openqa.selenium.support.pagefactory.internal.LocatingElementHandler.invoke(LocatingElementHandler.java:38)
	at com.sun.proxy.$Proxy8.getText(Unknown Source)
	at com.automation.main.ManageAdHocCoursesMembershipWindow.searchForUser(ManageAdHocCoursesMembershipWindow.java:87)
	at com.automation.main.TC17929And17941And17944PastCourses.test17929(TC17929And17941And17944PastCourses.java:228)
	at sun.reflect.NativeMethodAccessorImpl.invoke0(Native Method)
	at sun.reflect.NativeMethodAccessorImpl.invoke(Unknown Source)
	at sun.reflect.DelegatingMethodAccessorImpl.invoke(Unknown Source)
	at java.lang.reflect.Method.invoke(Unknown Source)
	at org.testng.internal.MethodInvocationHelper.invokeMethod(MethodInvocationHelper.java:80)
	at org.testng.internal.Invoker.invokeMethod(Invoker.java:714)
	at org.testng.internal.Invoker.invokeTestMethod(Invoker.java:901)
	at org.testng.internal.Invoker.invokeTestMethods(Invoker.java:1231)
	at org.testng.internal.TestMethodWorker.invokeTestMethods(TestMethodWorker.java:127)
	at org.testng.internal.TestMethodWorker.run(TestMethodWorker.java:111)
	at org.testng.TestRunner.privateRun(TestRunner.java:767)
	at org.testng.TestRunner.run(TestRunner.java:617)
	at org.testng.SuiteRunner.runTest(SuiteRunner.java:334)
	at org.testng.SuiteRunner.runSequentially(SuiteRunner.java:329)
	at org.testng.SuiteRunner.privateRun(SuiteRunner.java:291)
	at org.testng.SuiteRunner.run(SuiteRunner.java:240)
	at org.testng.SuiteRunnerWorker.runSuite(SuiteRunnerWorker.java:52)
	at org.testng.SuiteRunnerWorker.run(SuiteRunnerWorker.java:86)
	at org.testng.TestNG.runSuitesSequentially(TestNG.java:1198)
	at org.testng.TestNG.runSuitesLocally(TestNG.java:1123)
	at org.testng.TestNG.run(TestNG.java:1031)
	at org.testng.remote.AbstractRemoteTestNG.run(AbstractRemoteTestNG.java:126)
	at org.testng.remote.RemoteTestNG.initAndRun(RemoteTestNG.java:152)
	at org.testng.remote.RemoteTestNG.main(RemoteTestNG.java:57)
]]>
            </full-stacktrace>
          </exception> <!-- org.openqa.selenium.NoSuchElementException -->
          <reporter-output>
            <line>
              <![CDATA[STEP57]]>
            </line>
            <line>
              <![CDATA[STEP58]]>
            </line>
            <line>
              <![CDATA[STEP59]]>
            </line>
            <line>
              <![CDATA[STEP60]]>
            </line>
            <line>
              <![CDATA[STEP61]]>
            </line>
          </reporter-output>
        </test-method> <!-- test17929 -->
        <test-method status="SKIP" signature="test17941()[pri:0, instance:com.automation.main.TC17929And17941And17944PastCourses@5442a311]" name="test17941" duration-ms="0" started-at="2016-08-23T08:44:31Z" depends-on-methods="com.automation.main.TC17929And17941And17944PastCourses.test17929" finished-at="2016-08-23T08:44:31Z">
          <reporter-output>
          </reporter-output>
        </test-method> <!-- test17941 -->
        <test-method status="SKIP" signature="test17944()[pri:0, instance:com.automation.main.TC17929And17941And17944PastCourses@5442a311]" name="test17944" duration-ms="0" started-at="2016-08-23T08:44:31Z" depends-on-methods="com.automation.main.TC17929And17941And17944PastCourses.test17941" finished-at="2016-08-23T08:44:31Z">
          <reporter-output>
          </reporter-output>
        </test-method> <!-- test17944 -->
        <test-method status="PASS" signature="closeBroswer()[pri:0, instance:com.automation.main.TC17929And17941And17944PastCourses@5442a311]" name="closeBroswer" is-config="true" duration-ms="821" started-at="2016-08-23T08:44:31Z" finished-at="2016-08-23T08:44:32Z">
          <reporter-output>
          </reporter-output>
        </test-method> <!-- closeBroswer -->
      </class> <!-- com.automation.main.TC17929And17941And17944PastCourses -->
      <class name="com.automation.main.TC17907TryToMoveFromActiveCourseToPastCourse">
        <test-method status="PASS" signature="setup()[pri:0, instance:com.automation.main.TC17907TryToMoveFromActiveCourseToPastCourse@548e7350]" name="setup" is-config="true" duration-ms="5010" started-at="2016-08-23T08:32:03Z" finished-at="2016-08-23T08:32:08Z">
          <reporter-output>
            <line>
              <![CDATA[STEP9]]>
            </line>
            <line>
              <![CDATA[STEP10]]>
            </line>
          </reporter-output>
        </test-method> <!-- setup -->
        <test-method status="PASS" signature="loadPage()[pri:0, instance:com.automation.main.TC17907TryToMoveFromActiveCourseToPastCourse@548e7350]" name="loadPage" duration-ms="7608" started-at="2016-08-23T08:32:08Z" finished-at="2016-08-23T08:32:15Z">
          <reporter-output>
            <line>
              <![CDATA[STEP11]]>
            </line>
          </reporter-output>
        </test-method> <!-- loadPage -->
        <test-method status="FAIL" signature="loginCourses()[pri:0, instance:com.automation.main.TC17907TryToMoveFromActiveCourseToPastCourse@548e7350]" name="loginCourses" duration-ms="65749" started-at="2016-08-23T08:32:15Z" description="Login course page" depends-on-methods="com.automation.main.TC17907TryToMoveFromActiveCourseToPastCourse.loadPage" finished-at="2016-08-23T08:33:21Z">
          <exception class="junit.framework.AssertionFailedError">
            <message>
              <![CDATA[timeout]]>
            </message>
            <full-stacktrace>
              <![CDATA[junit.framework.AssertionFailedError: timeout
	at junit.framework.Assert.fail(Assert.java:50)
	at com.automation.main.LoginHelperPage.loginCourses(LoginHelperPage.java:135)
	at com.automation.main.TC17907TryToMoveFromActiveCourseToPastCourse.loginCourses(TC17907TryToMoveFromActiveCourseToPastCourse.java:100)
	at sun.reflect.NativeMethodAccessorImpl.invoke0(Native Method)
	at sun.reflect.NativeMethodAccessorImpl.invoke(Unknown Source)
	at sun.reflect.DelegatingMethodAccessorImpl.invoke(Unknown Source)
	at java.lang.reflect.Method.invoke(Unknown Source)
	at org.testng.internal.MethodInvocationHelper.invokeMethod(MethodInvocationHelper.java:80)
	at org.testng.internal.Invoker.invokeMethod(Invoker.java:714)
	at org.testng.internal.Invoker.invokeTestMethod(Invoker.java:901)
	at org.testng.internal.Invoker.invokeTestMethods(Invoker.java:1231)
	at org.testng.internal.TestMethodWorker.invokeTestMethods(TestMethodWorker.java:127)
	at org.testng.internal.TestMethodWorker.run(TestMethodWorker.java:111)
	at org.testng.TestRunner.privateRun(TestRunner.java:767)
	at org.testng.TestRunner.run(TestRunner.java:617)
	at org.testng.SuiteRunner.runTest(SuiteRunner.java:334)
	at org.testng.SuiteRunner.runSequentially(SuiteRunner.java:329)
	at org.testng.SuiteRunner.privateRun(SuiteRunner.java:291)
	at org.testng.SuiteRunner.run(SuiteRunner.java:240)
	at org.testng.SuiteRunnerWorker.runSuite(SuiteRunnerWorker.java:52)
	at org.testng.SuiteRunnerWorker.run(SuiteRunnerWorker.java:86)
	at org.testng.TestNG.runSuitesSequentially(TestNG.java:1198)
	at org.testng.TestNG.runSuitesLocally(TestNG.java:1123)
	at org.testng.TestNG.run(TestNG.java:1031)
	at org.testng.remote.AbstractRemoteTestNG.run(AbstractRemoteTestNG.java:126)
	at org.testng.remote.RemoteTestNG.initAndRun(RemoteTestNG.java:152)
	at org.testng.remote.RemoteTestNG.main(RemoteTestNG.java:57)
]]>
            </full-stacktrace>
          </exception> <!-- junit.framework.AssertionFailedError -->
          <reporter-output>
            <line>
              <![CDATA[STEP12]]>
            </line>
            <line>
              <![CDATA[STEP13]]>
            </line>
          </reporter-output>
        </test-method> <!-- loginCourses -->
        <test-method status="PASS" signature="closeBroswer()[pri:0, instance:com.automation.main.TC17907TryToMoveFromActiveCourseToPastCourse@548e7350]" name="closeBroswer" is-config="true" duration-ms="886" started-at="2016-08-23T08:33:21Z" finished-at="2016-08-23T08:33:22Z">
          <reporter-output>
          </reporter-output>
        </test-method> <!-- closeBroswer -->
      </class> <!-- com.automation.main.TC17907TryToMoveFromActiveCourseToPastCourse -->
      <class name="com.automation.main.TC17942VerifyTheDisabledTasks">
        <test-method status="PASS" signature="setup()[pri:0, instance:com.automation.main.TC17942VerifyTheDisabledTasks@4dfa3a9d]" name="setup" is-config="true" duration-ms="4170" started-at="2016-08-23T08:33:22Z" finished-at="2016-08-23T08:33:26Z">
          <reporter-output>
            <line>
              <![CDATA[STEP14]]>
            </line>
            <line>
              <![CDATA[STEP15]]>
            </line>
          </reporter-output>
        </test-method> <!-- setup -->
        <test-method status="FAIL" signature="testUiExistence()[pri:0, instance:com.automation.main.TC17942VerifyTheDisabledTasks@4dfa3a9d]" name="testUiExistence" duration-ms="71925" started-at="2016-08-23T08:33:26Z" finished-at="2016-08-23T08:34:38Z">
          <exception class="junit.framework.AssertionFailedError">
            <message>
              <![CDATA[timeout]]>
            </message>
            <full-stacktrace>
              <![CDATA[junit.framework.AssertionFailedError: timeout
	at junit.framework.Assert.fail(Assert.java:50)
	at com.automation.main.LoginHelperPage.loginCourses(LoginHelperPage.java:135)
	at com.automation.main.TC17942VerifyTheDisabledTasks.testUiExistence(TC17942VerifyTheDisabledTasks.java:99)
	at sun.reflect.NativeMethodAccessorImpl.invoke0(Native Method)
	at sun.reflect.NativeMethodAccessorImpl.invoke(Unknown Source)
	at sun.reflect.DelegatingMethodAccessorImpl.invoke(Unknown Source)
	at java.lang.reflect.Method.invoke(Unknown Source)
	at org.testng.internal.MethodInvocationHelper.invokeMethod(MethodInvocationHelper.java:80)
	at org.testng.internal.Invoker.invokeMethod(Invoker.java:714)
	at org.testng.internal.Invoker.invokeTestMethod(Invoker.java:901)
	at org.testng.internal.Invoker.invokeTestMethods(Invoker.java:1231)
	at org.testng.internal.TestMethodWorker.invokeTestMethods(TestMethodWorker.java:127)
	at org.testng.internal.TestMethodWorker.run(TestMethodWorker.java:111)
	at org.testng.TestRunner.privateRun(TestRunner.java:767)
	at org.testng.TestRunner.run(TestRunner.java:617)
	at org.testng.SuiteRunner.runTest(SuiteRunner.java:334)
	at org.testng.SuiteRunner.runSequentially(SuiteRunner.java:329)
	at org.testng.SuiteRunner.privateRun(SuiteRunner.java:291)
	at org.testng.SuiteRunner.run(SuiteRunner.java:240)
	at org.testng.SuiteRunnerWorker.runSuite(SuiteRunnerWorker.java:52)
	at org.testng.SuiteRunnerWorker.run(SuiteRunnerWorker.java:86)
	at org.testng.TestNG.runSuitesSequentially(TestNG.java:1198)
	at org.testng.TestNG.runSuitesLocally(TestNG.java:1123)
	at org.testng.TestNG.run(TestNG.java:1031)
	at org.testng.remote.AbstractRemoteTestNG.run(AbstractRemoteTestNG.java:126)
	at org.testng.remote.RemoteTestNG.initAndRun(RemoteTestNG.java:152)
	at org.testng.remote.RemoteTestNG.main(RemoteTestNG.java:57)
]]>
            </full-stacktrace>
          </exception> <!-- junit.framework.AssertionFailedError -->
          <reporter-output>
            <line>
              <![CDATA[STEP16]]>
            </line>
            <line>
              <![CDATA[STEP17]]>
            </line>
            <line>
              <![CDATA[STEP18]]>
            </line>
          </reporter-output>
        </test-method> <!-- testUiExistence -->
        <test-method status="PASS" signature="closeBroswer()[pri:0, instance:com.automation.main.TC17942VerifyTheDisabledTasks@4dfa3a9d]" name="closeBroswer" is-config="true" duration-ms="922" started-at="2016-08-23T08:34:38Z" finished-at="2016-08-23T08:34:39Z">
          <reporter-output>
          </reporter-output>
        </test-method> <!-- closeBroswer -->
      </class> <!-- com.automation.main.TC17942VerifyTheDisabledTasks -->
      <class name="com.automation.main.TC17938VerifyPastCourseWithTestRecording">
        <test-method status="PASS" signature="setup()[pri:0, instance:com.automation.main.TC17938VerifyPastCourseWithTestRecording@91161c7]" name="setup" is-config="true" duration-ms="4280" started-at="2016-08-23T08:40:07Z" finished-at="2016-08-23T08:40:11Z">
          <reporter-output>
            <line>
              <![CDATA[STEP41]]>
            </line>
            <line>
              <![CDATA[STEP42]]>
            </line>
          </reporter-output>
        </test-method> <!-- setup -->
        <test-method status="FAIL" signature="test17938()[pri:0, instance:com.automation.main.TC17938VerifyPastCourseWithTestRecording@91161c7]" name="test17938" duration-ms="83540" started-at="2016-08-23T08:40:11Z" description="Verify Past Course With Test Recording" finished-at="2016-08-23T08:41:34Z">
          <exception class="org.openqa.selenium.NoSuchElementException">
            <message>
              <![CDATA[no such element: Unable to locate element: {"method":"css selector","selector":"#ctl00_ContentPlaceHolder1_ucAddMemberships_ucDialog_ListBoxAllUsers>option"}
  (Session info: chrome=52.0.2743.116)
  (Driver info: chromedriver=2.22.397933 (1cab651507b88dec79b2b2a22d1943c01833cc1b),platform=Windows NT 10.0.10586 x86_64) (WARNING: The server did not provide any stacktrace information)
Command duration or timeout: 15 milliseconds
For documentation on this error, please visit: http://seleniumhq.org/exceptions/no_such_element.html
Build info: version: '2.53.1', revision: 'a36b8b1cd5757287168e54b817830adce9b0158d', time: '2016-06-30 19:26:09'
System info: host: 'DESKTOP-DEB4I2G', ip: '192.168.0.239', os.name: 'Windows 10', os.arch: 'amd64', os.version: '10.0', java.version: '1.8.0_77'
Driver info: org.openqa.selenium.chrome.ChromeDriver
Capabilities [{applicationCacheEnabled=false, rotatable=false, mobileEmulationEnabled=false, chrome={chromedriverVersion=2.22.397933 (1cab651507b88dec79b2b2a22d1943c01833cc1b), userDataDir=C:\Users\Mickael\AppData\Local\Temp\scoped_dir19224_17539}, takesHeapSnapshot=true, databaseEnabled=false, handlesAlerts=true, hasTouchScreen=false, version=52.0.2743.116, platform=XP, browserConnectionEnabled=false, nativeEvents=true, acceptSslCerts=true, locationContextEnabled=true, webStorageEnabled=true, browserName=chrome, takesScreenshot=true, javascriptEnabled=true, cssSelectorsEnabled=true}]
Session ID: 5c8e576fca05089c054328ccd615ae18
*** Element info: {Using=css selector, value=#ctl00_ContentPlaceHolder1_ucAddMemberships_ucDialog_ListBoxAllUsers>option}]]>
            </message>
            <full-stacktrace>
              <![CDATA[org.openqa.selenium.NoSuchElementException: no such element: Unable to locate element: {"method":"css selector","selector":"#ctl00_ContentPlaceHolder1_ucAddMemberships_ucDialog_ListBoxAllUsers>option"}
  (Session info: chrome=52.0.2743.116)
  (Driver info: chromedriver=2.22.397933 (1cab651507b88dec79b2b2a22d1943c01833cc1b),platform=Windows NT 10.0.10586 x86_64) (WARNING: The server did not provide any stacktrace information)
Command duration or timeout: 15 milliseconds
For documentation on this error, please visit: http://seleniumhq.org/exceptions/no_such_element.html
Build info: version: '2.53.1', revision: 'a36b8b1cd5757287168e54b817830adce9b0158d', time: '2016-06-30 19:26:09'
System info: host: 'DESKTOP-DEB4I2G', ip: '192.168.0.239', os.name: 'Windows 10', os.arch: 'amd64', os.version: '10.0', java.version: '1.8.0_77'
Driver info: org.openqa.selenium.chrome.ChromeDriver
Capabilities [{applicationCacheEnabled=false, rotatable=false, mobileEmulationEnabled=false, chrome={chromedriverVersion=2.22.397933 (1cab651507b88dec79b2b2a22d1943c01833cc1b), userDataDir=C:\Users\Mickael\AppData\Local\Temp\scoped_dir19224_17539}, takesHeapSnapshot=true, databaseEnabled=false, handlesAlerts=true, hasTouchScreen=false, version=52.0.2743.116, platform=XP, browserConnectionEnabled=false, nativeEvents=true, acceptSslCerts=true, locationContextEnabled=true, webStorageEnabled=true, browserName=chrome, takesScreenshot=true, javascriptEnabled=true, cssSelectorsEnabled=true}]
Session ID: 5c8e576fca05089c054328ccd615ae18
*** Element info: {Using=css selector, value=#ctl00_ContentPlaceHolder1_ucAddMemberships_ucDialog_ListBoxAllUsers>option}
	at sun.reflect.NativeConstructorAccessorImpl.newInstance0(Native Method)
	at sun.reflect.NativeConstructorAccessorImpl.newInstance(Unknown Source)
	at sun.reflect.DelegatingConstructorAccessorImpl.newInstance(Unknown Source)
	at java.lang.reflect.Constructor.newInstance(Unknown Source)
	at org.openqa.selenium.remote.ErrorHandler.createThrowable(ErrorHandler.java:206)
	at org.openqa.selenium.remote.ErrorHandler.throwIfResponseFailed(ErrorHandler.java:158)
	at org.openqa.selenium.remote.RemoteWebDriver.execute(RemoteWebDriver.java:678)
	at org.openqa.selenium.remote.RemoteWebDriver.findElement(RemoteWebDriver.java:363)
	at org.openqa.selenium.remote.RemoteWebDriver.findElementByCssSelector(RemoteWebDriver.java:492)
	at org.openqa.selenium.By$ByCssSelector.findElement(By.java:430)
	at org.openqa.selenium.remote.RemoteWebDriver.findElement(RemoteWebDriver.java:355)
	at org.openqa.selenium.support.pagefactory.DefaultElementLocator.findElement(DefaultElementLocator.java:69)
	at org.openqa.selenium.support.pagefactory.internal.LocatingElementHandler.invoke(LocatingElementHandler.java:38)
	at com.sun.proxy.$Proxy8.getText(Unknown Source)
	at com.automation.main.ManageAdHocCoursesMembershipWindow.searchForUser(ManageAdHocCoursesMembershipWindow.java:87)
	at com.automation.main.TC17938VerifyPastCourseWithTestRecording.test17938(TC17938VerifyPastCourseWithTestRecording.java:218)
	at sun.reflect.NativeMethodAccessorImpl.invoke0(Native Method)
	at sun.reflect.NativeMethodAccessorImpl.invoke(Unknown Source)
	at sun.reflect.DelegatingMethodAccessorImpl.invoke(Unknown Source)
	at java.lang.reflect.Method.invoke(Unknown Source)
	at org.testng.internal.MethodInvocationHelper.invokeMethod(MethodInvocationHelper.java:80)
	at org.testng.internal.Invoker.invokeMethod(Invoker.java:714)
	at org.testng.internal.Invoker.invokeTestMethod(Invoker.java:901)
	at org.testng.internal.Invoker.invokeTestMethods(Invoker.java:1231)
	at org.testng.internal.TestMethodWorker.invokeTestMethods(TestMethodWorker.java:127)
	at org.testng.internal.TestMethodWorker.run(TestMethodWorker.java:111)
	at org.testng.TestRunner.privateRun(TestRunner.java:767)
	at org.testng.TestRunner.run(TestRunner.java:617)
	at org.testng.SuiteRunner.runTest(SuiteRunner.java:334)
	at org.testng.SuiteRunner.runSequentially(SuiteRunner.java:329)
	at org.testng.SuiteRunner.privateRun(SuiteRunner.java:291)
	at org.testng.SuiteRunner.run(SuiteRunner.java:240)
	at org.testng.SuiteRunnerWorker.runSuite(SuiteRunnerWorker.java:52)
	at org.testng.SuiteRunnerWorker.run(SuiteRunnerWorker.java:86)
	at org.testng.TestNG.runSuitesSequentially(TestNG.java:1198)
	at org.testng.TestNG.runSuitesLocally(TestNG.java:1123)
	at org.testng.TestNG.run(TestNG.java:1031)
	at org.testng.remote.AbstractRemoteTestNG.run(AbstractRemoteTestNG.java:126)
	at org.testng.remote.RemoteTestNG.initAndRun(RemoteTestNG.java:152)
	at org.testng.remote.RemoteTestNG.main(RemoteTestNG.java:57)
]]>
            </full-stacktrace>
          </exception> <!-- org.openqa.selenium.NoSuchElementException -->
          <reporter-output>
            <line>
              <![CDATA[STEP43]]>
            </line>
            <line>
              <![CDATA[STEP44]]>
            </line>
            <line>
              <![CDATA[STEP45]]>
            </line>
            <line>
              <![CDATA[STEP46]]>
            </line>
            <line>
              <![CDATA[STEP47]]>
            </line>
          </reporter-output>
        </test-method> <!-- test17938 -->
        <test-method status="PASS" signature="closeBroswer()[pri:0, instance:com.automation.main.TC17938VerifyPastCourseWithTestRecording@91161c7]" name="closeBroswer" is-config="true" duration-ms="873" started-at="2016-08-23T08:41:34Z" finished-at="2016-08-23T08:41:35Z">
          <reporter-output>
          </reporter-output>
        </test-method> <!-- closeBroswer -->
      </class> <!-- com.automation.main.TC17938VerifyPastCourseWithTestRecording -->
      <class name="com.automation.main.TC17925VerifyThePastCourseFunctionalityWithRegularRecordings">
        <test-method status="PASS" signature="setup()[pri:0, instance:com.automation.main.TC17925VerifyThePastCourseFunctionalityWithRegularRecordings@754ba872]" name="setup" is-config="true" duration-ms="4009" started-at="2016-08-23T08:38:33Z" finished-at="2016-08-23T08:38:37Z">
          <reporter-output>
            <line>
              <![CDATA[STEP34]]>
            </line>
            <line>
              <![CDATA[STEP35]]>
            </line>
          </reporter-output>
        </test-method> <!-- setup -->
        <test-method status="FAIL" signature="loginCourses()[pri:0, instance:com.automation.main.TC17925VerifyThePastCourseFunctionalityWithRegularRecordings@754ba872]" name="loginCourses" duration-ms="88658" started-at="2016-08-23T08:38:37Z" description="Verify Past Course Removed When Has No Content" finished-at="2016-08-23T08:40:06Z">
          <exception class="org.openqa.selenium.NoSuchElementException">
            <message>
              <![CDATA[no such element: Unable to locate element: {"method":"css selector","selector":"#ctl00_ContentPlaceHolder1_ucAddMemberships_ucDialog_ListBoxAllUsers>option"}
  (Session info: chrome=52.0.2743.116)
  (Driver info: chromedriver=2.22.397933 (1cab651507b88dec79b2b2a22d1943c01833cc1b),platform=Windows NT 10.0.10586 x86_64) (WARNING: The server did not provide any stacktrace information)
Command duration or timeout: 18 milliseconds
For documentation on this error, please visit: http://seleniumhq.org/exceptions/no_such_element.html
Build info: version: '2.53.1', revision: 'a36b8b1cd5757287168e54b817830adce9b0158d', time: '2016-06-30 19:26:09'
System info: host: 'DESKTOP-DEB4I2G', ip: '192.168.0.239', os.name: 'Windows 10', os.arch: 'amd64', os.version: '10.0', java.version: '1.8.0_77'
Driver info: org.openqa.selenium.chrome.ChromeDriver
Capabilities [{applicationCacheEnabled=false, rotatable=false, mobileEmulationEnabled=false, chrome={chromedriverVersion=2.22.397933 (1cab651507b88dec79b2b2a22d1943c01833cc1b), userDataDir=C:\Users\Mickael\AppData\Local\Temp\scoped_dir16056_7793}, takesHeapSnapshot=true, databaseEnabled=false, handlesAlerts=true, hasTouchScreen=false, version=52.0.2743.116, platform=XP, browserConnectionEnabled=false, nativeEvents=true, acceptSslCerts=true, locationContextEnabled=true, webStorageEnabled=true, browserName=chrome, takesScreenshot=true, javascriptEnabled=true, cssSelectorsEnabled=true}]
Session ID: e1b78e743e89fd519b25e117c5069f1a
*** Element info: {Using=css selector, value=#ctl00_ContentPlaceHolder1_ucAddMemberships_ucDialog_ListBoxAllUsers>option}]]>
            </message>
            <full-stacktrace>
              <![CDATA[org.openqa.selenium.NoSuchElementException: no such element: Unable to locate element: {"method":"css selector","selector":"#ctl00_ContentPlaceHolder1_ucAddMemberships_ucDialog_ListBoxAllUsers>option"}
  (Session info: chrome=52.0.2743.116)
  (Driver info: chromedriver=2.22.397933 (1cab651507b88dec79b2b2a22d1943c01833cc1b),platform=Windows NT 10.0.10586 x86_64) (WARNING: The server did not provide any stacktrace information)
Command duration or timeout: 18 milliseconds
For documentation on this error, please visit: http://seleniumhq.org/exceptions/no_such_element.html
Build info: version: '2.53.1', revision: 'a36b8b1cd5757287168e54b817830adce9b0158d', time: '2016-06-30 19:26:09'
System info: host: 'DESKTOP-DEB4I2G', ip: '192.168.0.239', os.name: 'Windows 10', os.arch: 'amd64', os.version: '10.0', java.version: '1.8.0_77'
Driver info: org.openqa.selenium.chrome.ChromeDriver
Capabilities [{applicationCacheEnabled=false, rotatable=false, mobileEmulationEnabled=false, chrome={chromedriverVersion=2.22.397933 (1cab651507b88dec79b2b2a22d1943c01833cc1b), userDataDir=C:\Users\Mickael\AppData\Local\Temp\scoped_dir16056_7793}, takesHeapSnapshot=true, databaseEnabled=false, handlesAlerts=true, hasTouchScreen=false, version=52.0.2743.116, platform=XP, browserConnectionEnabled=false, nativeEvents=true, acceptSslCerts=true, locationContextEnabled=true, webStorageEnabled=true, browserName=chrome, takesScreenshot=true, javascriptEnabled=true, cssSelectorsEnabled=true}]
Session ID: e1b78e743e89fd519b25e117c5069f1a
*** Element info: {Using=css selector, value=#ctl00_ContentPlaceHolder1_ucAddMemberships_ucDialog_ListBoxAllUsers>option}
	at sun.reflect.NativeConstructorAccessorImpl.newInstance0(Native Method)
	at sun.reflect.NativeConstructorAccessorImpl.newInstance(Unknown Source)
	at sun.reflect.DelegatingConstructorAccessorImpl.newInstance(Unknown Source)
	at java.lang.reflect.Constructor.newInstance(Unknown Source)
	at org.openqa.selenium.remote.ErrorHandler.createThrowable(ErrorHandler.java:206)
	at org.openqa.selenium.remote.ErrorHandler.throwIfResponseFailed(ErrorHandler.java:158)
	at org.openqa.selenium.remote.RemoteWebDriver.execute(RemoteWebDriver.java:678)
	at org.openqa.selenium.remote.RemoteWebDriver.findElement(RemoteWebDriver.java:363)
	at org.openqa.selenium.remote.RemoteWebDriver.findElementByCssSelector(RemoteWebDriver.java:492)
	at org.openqa.selenium.By$ByCssSelector.findElement(By.java:430)
	at org.openqa.selenium.remote.RemoteWebDriver.findElement(RemoteWebDriver.java:355)
	at org.openqa.selenium.support.pagefactory.DefaultElementLocator.findElement(DefaultElementLocator.java:69)
	at org.openqa.selenium.support.pagefactory.internal.LocatingElementHandler.invoke(LocatingElementHandler.java:38)
	at com.sun.proxy.$Proxy8.getText(Unknown Source)
	at com.automation.main.ManageAdHocCoursesMembershipWindow.searchForUser(ManageAdHocCoursesMembershipWindow.java:87)
	at com.automation.main.TC17925VerifyThePastCourseFunctionalityWithRegularRecordings.loginCourses(TC17925VerifyThePastCourseFunctionalityWithRegularRecordings.java:225)
	at sun.reflect.NativeMethodAccessorImpl.invoke0(Native Method)
	at sun.reflect.NativeMethodAccessorImpl.invoke(Unknown Source)
	at sun.reflect.DelegatingMethodAccessorImpl.invoke(Unknown Source)
	at java.lang.reflect.Method.invoke(Unknown Source)
	at org.testng.internal.MethodInvocationHelper.invokeMethod(MethodInvocationHelper.java:80)
	at org.testng.internal.Invoker.invokeMethod(Invoker.java:714)
	at org.testng.internal.Invoker.invokeTestMethod(Invoker.java:901)
	at org.testng.internal.Invoker.invokeTestMethods(Invoker.java:1231)
	at org.testng.internal.TestMethodWorker.invokeTestMethods(TestMethodWorker.java:127)
	at org.testng.internal.TestMethodWorker.run(TestMethodWorker.java:111)
	at org.testng.TestRunner.privateRun(TestRunner.java:767)
	at org.testng.TestRunner.run(TestRunner.java:617)
	at org.testng.SuiteRunner.runTest(SuiteRunner.java:334)
	at org.testng.SuiteRunner.runSequentially(SuiteRunner.java:329)
	at org.testng.SuiteRunner.privateRun(SuiteRunner.java:291)
	at org.testng.SuiteRunner.run(SuiteRunner.java:240)
	at org.testng.SuiteRunnerWorker.runSuite(SuiteRunnerWorker.java:52)
	at org.testng.SuiteRunnerWorker.run(SuiteRunnerWorker.java:86)
	at org.testng.TestNG.runSuitesSequentially(TestNG.java:1198)
	at org.testng.TestNG.runSuitesLocally(TestNG.java:1123)
	at org.testng.TestNG.run(TestNG.java:1031)
	at org.testng.remote.AbstractRemoteTestNG.run(AbstractRemoteTestNG.java:126)
	at org.testng.remote.RemoteTestNG.initAndRun(RemoteTestNG.java:152)
	at org.testng.remote.RemoteTestNG.main(RemoteTestNG.java:57)
]]>
            </full-stacktrace>
          </exception> <!-- org.openqa.selenium.NoSuchElementException -->
          <reporter-output>
            <line>
              <![CDATA[STEP36]]>
            </line>
            <line>
              <![CDATA[STEP37]]>
            </line>
            <line>
              <![CDATA[STEP38]]>
            </line>
            <line>
              <![CDATA[STEP39]]>
            </line>
            <line>
              <![CDATA[STEP40]]>
            </line>
          </reporter-output>
        </test-method> <!-- loginCourses -->
        <test-method status="PASS" signature="closeBroswer()[pri:0, instance:com.automation.main.TC17925VerifyThePastCourseFunctionalityWithRegularRecordings@754ba872]" name="closeBroswer" is-config="true" duration-ms="873" started-at="2016-08-23T08:40:06Z" finished-at="2016-08-23T08:40:07Z">
          <reporter-output>
          </reporter-output>
        </test-method> <!-- closeBroswer -->
      </class> <!-- com.automation.main.TC17925VerifyThePastCourseFunctionalityWithRegularRecordings -->
      <class name="com.automation.main.TC17906TryToCopyFromActiveCourseToPastCourse">
        <test-method status="PASS" signature="setup()[pri:0, instance:com.automation.main.TC17906TryToCopyFromActiveCourseToPastCourse@146ba0ac]" name="setup" is-config="true" duration-ms="3773" started-at="2016-08-23T08:30:45Z" finished-at="2016-08-23T08:30:48Z">
          <reporter-output>
            <line>
              <![CDATA[STEP4]]>
            </line>
            <line>
              <![CDATA[STEP5]]>
            </line>
          </reporter-output>
        </test-method> <!-- setup -->
        <test-method status="PASS" signature="loadPage()[pri:0, instance:com.automation.main.TC17906TryToCopyFromActiveCourseToPastCourse@146ba0ac]" name="loadPage" duration-ms="7286" started-at="2016-08-23T08:30:48Z" finished-at="2016-08-23T08:30:56Z">
          <reporter-output>
            <line>
              <![CDATA[STEP6]]>
            </line>
          </reporter-output>
        </test-method> <!-- loadPage -->
        <test-method status="FAIL" signature="loginCourses()[pri:0, instance:com.automation.main.TC17906TryToCopyFromActiveCourseToPastCourse@146ba0ac]" name="loginCourses" duration-ms="66268" started-at="2016-08-23T08:30:56Z" description="Login course page" depends-on-methods="com.automation.main.TC17906TryToCopyFromActiveCourseToPastCourse.loadPage" finished-at="2016-08-23T08:32:02Z">
          <exception class="junit.framework.AssertionFailedError">
            <message>
              <![CDATA[timeout]]>
            </message>
            <full-stacktrace>
              <![CDATA[junit.framework.AssertionFailedError: timeout
	at junit.framework.Assert.fail(Assert.java:50)
	at com.automation.main.LoginHelperPage.loginCourses(LoginHelperPage.java:135)
	at com.automation.main.TC17906TryToCopyFromActiveCourseToPastCourse.loginCourses(TC17906TryToCopyFromActiveCourseToPastCourse.java:99)
	at sun.reflect.NativeMethodAccessorImpl.invoke0(Native Method)
	at sun.reflect.NativeMethodAccessorImpl.invoke(Unknown Source)
	at sun.reflect.DelegatingMethodAccessorImpl.invoke(Unknown Source)
	at java.lang.reflect.Method.invoke(Unknown Source)
	at org.testng.internal.MethodInvocationHelper.invokeMethod(MethodInvocationHelper.java:80)
	at org.testng.internal.Invoker.invokeMethod(Invoker.java:714)
	at org.testng.internal.Invoker.invokeTestMethod(Invoker.java:901)
	at org.testng.internal.Invoker.invokeTestMethods(Invoker.java:1231)
	at org.testng.internal.TestMethodWorker.invokeTestMethods(TestMethodWorker.java:127)
	at org.testng.internal.TestMethodWorker.run(TestMethodWorker.java:111)
	at org.testng.TestRunner.privateRun(TestRunner.java:767)
	at org.testng.TestRunner.run(TestRunner.java:617)
	at org.testng.SuiteRunner.runTest(SuiteRunner.java:334)
	at org.testng.SuiteRunner.runSequentially(SuiteRunner.java:329)
	at org.testng.SuiteRunner.privateRun(SuiteRunner.java:291)
	at org.testng.SuiteRunner.run(SuiteRunner.java:240)
	at org.testng.SuiteRunnerWorker.runSuite(SuiteRunnerWorker.java:52)
	at org.testng.SuiteRunnerWorker.run(SuiteRunnerWorker.java:86)
	at org.testng.TestNG.runSuitesSequentially(TestNG.java:1198)
	at org.testng.TestNG.runSuitesLocally(TestNG.java:1123)
	at org.testng.TestNG.run(TestNG.java:1031)
	at org.testng.remote.AbstractRemoteTestNG.run(AbstractRemoteTestNG.java:126)
	at org.testng.remote.RemoteTestNG.initAndRun(RemoteTestNG.java:152)
	at org.testng.remote.RemoteTestNG.main(RemoteTestNG.java:57)
]]>
            </full-stacktrace>
          </exception> <!-- junit.framework.AssertionFailedError -->
          <reporter-output>
            <line>
              <![CDATA[STEP7]]>
            </line>
            <line>
              <![CDATA[STEP8]]>
            </line>
          </reporter-output>
        </test-method> <!-- loginCourses -->
        <test-method status="PASS" signature="closeBroswer()[pri:0, instance:com.automation.main.TC17906TryToCopyFromActiveCourseToPastCourse@146ba0ac]" name="closeBroswer" is-config="true" duration-ms="925" started-at="2016-08-23T08:32:02Z" finished-at="2016-08-23T08:32:03Z">
          <reporter-output>
          </reporter-output>
        </test-method> <!-- closeBroswer -->
      </class> <!-- com.automation.main.TC17906TryToCopyFromActiveCourseToPastCourse -->
      <class name="com.automation.main.TC17905TryToCopyFromPastCourseToAnotherPastCourseToItself">
        <test-method status="PASS" signature="setup()[pri:0, instance:com.automation.main.TC17905TryToCopyFromPastCourseToAnotherPastCourseToItself@204f30ec]" name="setup" is-config="true" duration-ms="8484" started-at="2016-08-23T08:30:27Z" finished-at="2016-08-23T08:30:35Z">
          <reporter-output>
            <line>
              <![CDATA[STEP1]]>
            </line>
            <line>
              <![CDATA[STEP2]]>
            </line>
          </reporter-output>
        </test-method> <!-- setup -->
        <test-method status="PASS" signature="loadPage()[pri:0, instance:com.automation.main.TC17905TryToCopyFromPastCourseToAnotherPastCourseToItself@204f30ec]" name="loadPage" duration-ms="7587" started-at="2016-08-23T08:30:35Z" finished-at="2016-08-23T08:30:43Z">
          <reporter-output>
            <line>
              <![CDATA[STEP3]]>
            </line>
          </reporter-output>
        </test-method> <!-- loadPage -->
        <test-method status="PASS" signature="closeBroswer()[pri:0, instance:com.automation.main.TC17905TryToCopyFromPastCourseToAnotherPastCourseToItself@204f30ec]" name="closeBroswer" is-config="true" duration-ms="1729" started-at="2016-08-23T08:30:43Z" finished-at="2016-08-23T08:30:45Z">
          <reporter-output>
          </reporter-output>
        </test-method> <!-- closeBroswer -->
      </class> <!-- com.automation.main.TC17905TryToCopyFromPastCourseToAnotherPastCourseToItself -->
      <class name="com.automation.main.TC24835VerifyStudentsCantSeePastCourseTab">
        <test-method status="PASS" signature="setup()[pri:0, instance:com.automation.main.TC24835VerifyStudentsCantSeePastCourseTab@f6c48ac]" name="setup" is-config="true" duration-ms="3532" started-at="2016-08-23T08:44:32Z" finished-at="2016-08-23T08:44:35Z">
          <reporter-output>
            <line>
              <![CDATA[STEP62]]>
            </line>
            <line>
              <![CDATA[STEP63]]>
            </line>
          </reporter-output>
        </test-method> <!-- setup -->
        <test-method status="FAIL" signature="TC24835VerifyStudentsCantSeePastCourseTab()[pri:0, instance:com.automation.main.TC24835VerifyStudentsCantSeePastCourseTab@f6c48ac]" name="TC24835VerifyStudentsCantSeePastCourseTab" duration-ms="63962" started-at="2016-08-23T08:44:35Z" finished-at="2016-08-23T08:45:39Z">
          <exception class="org.openqa.selenium.NoSuchElementException">
            <message>
              <![CDATA[no such element: Unable to locate element: {"method":"css selector","selector":"#ctl00_ContentPlaceHolder1_ucAddMemberships_ucDialog_ListBoxAllUsers>option"}
  (Session info: chrome=52.0.2743.116)
  (Driver info: chromedriver=2.22.397933 (1cab651507b88dec79b2b2a22d1943c01833cc1b),platform=Windows NT 10.0.10586 x86_64) (WARNING: The server did not provide any stacktrace information)
Command duration or timeout: 14 milliseconds
For documentation on this error, please visit: http://seleniumhq.org/exceptions/no_such_element.html
Build info: version: '2.53.1', revision: 'a36b8b1cd5757287168e54b817830adce9b0158d', time: '2016-06-30 19:26:09'
System info: host: 'DESKTOP-DEB4I2G', ip: '192.168.0.239', os.name: 'Windows 10', os.arch: 'amd64', os.version: '10.0', java.version: '1.8.0_77'
Driver info: org.openqa.selenium.chrome.ChromeDriver
Capabilities [{applicationCacheEnabled=false, rotatable=false, mobileEmulationEnabled=false, chrome={chromedriverVersion=2.22.397933 (1cab651507b88dec79b2b2a22d1943c01833cc1b), userDataDir=C:\Users\Mickael\AppData\Local\Temp\scoped_dir9640_31181}, takesHeapSnapshot=true, databaseEnabled=false, handlesAlerts=true, hasTouchScreen=false, version=52.0.2743.116, platform=XP, browserConnectionEnabled=false, nativeEvents=true, acceptSslCerts=true, locationContextEnabled=true, webStorageEnabled=true, browserName=chrome, takesScreenshot=true, javascriptEnabled=true, cssSelectorsEnabled=true}]
Session ID: 4c7713e248160c5a809bddb252aace30
*** Element info: {Using=css selector, value=#ctl00_ContentPlaceHolder1_ucAddMemberships_ucDialog_ListBoxAllUsers>option}]]>
            </message>
            <full-stacktrace>
              <![CDATA[org.openqa.selenium.NoSuchElementException: no such element: Unable to locate element: {"method":"css selector","selector":"#ctl00_ContentPlaceHolder1_ucAddMemberships_ucDialog_ListBoxAllUsers>option"}
  (Session info: chrome=52.0.2743.116)
  (Driver info: chromedriver=2.22.397933 (1cab651507b88dec79b2b2a22d1943c01833cc1b),platform=Windows NT 10.0.10586 x86_64) (WARNING: The server did not provide any stacktrace information)
Command duration or timeout: 14 milliseconds
For documentation on this error, please visit: http://seleniumhq.org/exceptions/no_such_element.html
Build info: version: '2.53.1', revision: 'a36b8b1cd5757287168e54b817830adce9b0158d', time: '2016-06-30 19:26:09'
System info: host: 'DESKTOP-DEB4I2G', ip: '192.168.0.239', os.name: 'Windows 10', os.arch: 'amd64', os.version: '10.0', java.version: '1.8.0_77'
Driver info: org.openqa.selenium.chrome.ChromeDriver
Capabilities [{applicationCacheEnabled=false, rotatable=false, mobileEmulationEnabled=false, chrome={chromedriverVersion=2.22.397933 (1cab651507b88dec79b2b2a22d1943c01833cc1b), userDataDir=C:\Users\Mickael\AppData\Local\Temp\scoped_dir9640_31181}, takesHeapSnapshot=true, databaseEnabled=false, handlesAlerts=true, hasTouchScreen=false, version=52.0.2743.116, platform=XP, browserConnectionEnabled=false, nativeEvents=true, acceptSslCerts=true, locationContextEnabled=true, webStorageEnabled=true, browserName=chrome, takesScreenshot=true, javascriptEnabled=true, cssSelectorsEnabled=true}]
Session ID: 4c7713e248160c5a809bddb252aace30
*** Element info: {Using=css selector, value=#ctl00_ContentPlaceHolder1_ucAddMemberships_ucDialog_ListBoxAllUsers>option}
	at sun.reflect.GeneratedConstructorAccessor18.newInstance(Unknown Source)
	at sun.reflect.DelegatingConstructorAccessorImpl.newInstance(Unknown Source)
	at java.lang.reflect.Constructor.newInstance(Unknown Source)
	at org.openqa.selenium.remote.ErrorHandler.createThrowable(ErrorHandler.java:206)
	at org.openqa.selenium.remote.ErrorHandler.throwIfResponseFailed(ErrorHandler.java:158)
	at org.openqa.selenium.remote.RemoteWebDriver.execute(RemoteWebDriver.java:678)
	at org.openqa.selenium.remote.RemoteWebDriver.findElement(RemoteWebDriver.java:363)
	at org.openqa.selenium.remote.RemoteWebDriver.findElementByCssSelector(RemoteWebDriver.java:492)
	at org.openqa.selenium.By$ByCssSelector.findElement(By.java:430)
	at org.openqa.selenium.remote.RemoteWebDriver.findElement(RemoteWebDriver.java:355)
	at org.openqa.selenium.support.pagefactory.DefaultElementLocator.findElement(DefaultElementLocator.java:69)
	at org.openqa.selenium.support.pagefactory.internal.LocatingElementHandler.invoke(LocatingElementHandler.java:38)
	at com.sun.proxy.$Proxy8.getText(Unknown Source)
	at com.automation.main.ManageAdHocCoursesMembershipWindow.searchForUser(ManageAdHocCoursesMembershipWindow.java:87)
	at com.automation.main.ManageAdhocCoursesEnrollmentsPage.enrollInstructorToCourse(ManageAdhocCoursesEnrollmentsPage.java:166)
	at com.automation.main.TC24835VerifyStudentsCantSeePastCourseTab.TC24835VerifyStudentsCantSeePastCourseTab(TC24835VerifyStudentsCantSeePastCourseTab.java:167)
	at sun.reflect.NativeMethodAccessorImpl.invoke0(Native Method)
	at sun.reflect.NativeMethodAccessorImpl.invoke(Unknown Source)
	at sun.reflect.DelegatingMethodAccessorImpl.invoke(Unknown Source)
	at java.lang.reflect.Method.invoke(Unknown Source)
	at org.testng.internal.MethodInvocationHelper.invokeMethod(MethodInvocationHelper.java:80)
	at org.testng.internal.Invoker.invokeMethod(Invoker.java:714)
	at org.testng.internal.Invoker.invokeTestMethod(Invoker.java:901)
	at org.testng.internal.Invoker.invokeTestMethods(Invoker.java:1231)
	at org.testng.internal.TestMethodWorker.invokeTestMethods(TestMethodWorker.java:127)
	at org.testng.internal.TestMethodWorker.run(TestMethodWorker.java:111)
	at org.testng.TestRunner.privateRun(TestRunner.java:767)
	at org.testng.TestRunner.run(TestRunner.java:617)
	at org.testng.SuiteRunner.runTest(SuiteRunner.java:334)
	at org.testng.SuiteRunner.runSequentially(SuiteRunner.java:329)
	at org.testng.SuiteRunner.privateRun(SuiteRunner.java:291)
	at org.testng.SuiteRunner.run(SuiteRunner.java:240)
	at org.testng.SuiteRunnerWorker.runSuite(SuiteRunnerWorker.java:52)
	at org.testng.SuiteRunnerWorker.run(SuiteRunnerWorker.java:86)
	at org.testng.TestNG.runSuitesSequentially(TestNG.java:1198)
	at org.testng.TestNG.runSuitesLocally(TestNG.java:1123)
	at org.testng.TestNG.run(TestNG.java:1031)
	at org.testng.remote.AbstractRemoteTestNG.run(AbstractRemoteTestNG.java:126)
	at org.testng.remote.RemoteTestNG.initAndRun(RemoteTestNG.java:152)
	at org.testng.remote.RemoteTestNG.main(RemoteTestNG.java:57)
]]>
            </full-stacktrace>
          </exception> <!-- org.openqa.selenium.NoSuchElementException -->
          <reporter-output>
            <line>
              <![CDATA[STEP64]]>
            </line>
            <line>
              <![CDATA[STEP65]]>
            </line>
            <line>
              <![CDATA[STEP66]]>
            </line>
            <line>
              <![CDATA[STEP67]]>
            </line>
          </reporter-output>
        </test-method> <!-- TC24835VerifyStudentsCantSeePastCourseTab -->
        <test-method status="PASS" signature="closeBroswer()[pri:0, instance:com.automation.main.TC24835VerifyStudentsCantSeePastCourseTab@f6c48ac]" name="closeBroswer" is-config="true" duration-ms="919" started-at="2016-08-23T08:45:39Z" finished-at="2016-08-23T08:45:40Z">
          <reporter-output>
          </reporter-output>
        </test-method> <!-- closeBroswer -->
      </class> <!-- com.automation.main.TC24835VerifyStudentsCantSeePastCourseTab -->
      <class name="com.automation.main.TC17903VerifyTheUI">
        <test-method status="PASS" signature="setup()[pri:0, instance:com.automation.main.TC17903VerifyTheUI@e25b2fe]" name="setup" is-config="true" duration-ms="3783" started-at="2016-08-23T08:34:39Z" finished-at="2016-08-23T08:34:43Z">
          <reporter-output>
            <line>
              <![CDATA[STEP19]]>
            </line>
            <line>
              <![CDATA[STEP20]]>
            </line>
          </reporter-output>
        </test-method> <!-- setup -->
        <test-method status="FAIL" signature="testUiExistence()[pri:0, instance:com.automation.main.TC17903VerifyTheUI@e25b2fe]" name="testUiExistence" duration-ms="73167" started-at="2016-08-23T08:34:43Z" finished-at="2016-08-23T08:35:56Z">
          <exception class="junit.framework.AssertionFailedError">
            <message>
              <![CDATA[timeout]]>
            </message>
            <full-stacktrace>
              <![CDATA[junit.framework.AssertionFailedError: timeout
	at junit.framework.Assert.fail(Assert.java:50)
	at com.automation.main.LoginHelperPage.loginCourses(LoginHelperPage.java:135)
	at com.automation.main.TC17903VerifyTheUI.testUiExistence(TC17903VerifyTheUI.java:94)
	at sun.reflect.NativeMethodAccessorImpl.invoke0(Native Method)
	at sun.reflect.NativeMethodAccessorImpl.invoke(Unknown Source)
	at sun.reflect.DelegatingMethodAccessorImpl.invoke(Unknown Source)
	at java.lang.reflect.Method.invoke(Unknown Source)
	at org.testng.internal.MethodInvocationHelper.invokeMethod(MethodInvocationHelper.java:80)
	at org.testng.internal.Invoker.invokeMethod(Invoker.java:714)
	at org.testng.internal.Invoker.invokeTestMethod(Invoker.java:901)
	at org.testng.internal.Invoker.invokeTestMethods(Invoker.java:1231)
	at org.testng.internal.TestMethodWorker.invokeTestMethods(TestMethodWorker.java:127)
	at org.testng.internal.TestMethodWorker.run(TestMethodWorker.java:111)
	at org.testng.TestRunner.privateRun(TestRunner.java:767)
	at org.testng.TestRunner.run(TestRunner.java:617)
	at org.testng.SuiteRunner.runTest(SuiteRunner.java:334)
	at org.testng.SuiteRunner.runSequentially(SuiteRunner.java:329)
	at org.testng.SuiteRunner.privateRun(SuiteRunner.java:291)
	at org.testng.SuiteRunner.run(SuiteRunner.java:240)
	at org.testng.SuiteRunnerWorker.runSuite(SuiteRunnerWorker.java:52)
	at org.testng.SuiteRunnerWorker.run(SuiteRunnerWorker.java:86)
	at org.testng.TestNG.runSuitesSequentially(TestNG.java:1198)
	at org.testng.TestNG.runSuitesLocally(TestNG.java:1123)
	at org.testng.TestNG.run(TestNG.java:1031)
	at org.testng.remote.AbstractRemoteTestNG.run(AbstractRemoteTestNG.java:126)
	at org.testng.remote.RemoteTestNG.initAndRun(RemoteTestNG.java:152)
	at org.testng.remote.RemoteTestNG.main(RemoteTestNG.java:57)
]]>
            </full-stacktrace>
          </exception> <!-- junit.framework.AssertionFailedError -->
          <reporter-output>
            <line>
              <![CDATA[STEP21]]>
            </line>
            <line>
              <![CDATA[STEP22]]>
            </line>
            <line>
              <![CDATA[STEP23]]>
            </line>
          </reporter-output>
        </test-method> <!-- testUiExistence -->
        <test-method status="PASS" signature="closeBroswer()[pri:0, instance:com.automation.main.TC17903VerifyTheUI@e25b2fe]" name="closeBroswer" is-config="true" duration-ms="891" started-at="2016-08-23T08:35:56Z" finished-at="2016-08-23T08:35:57Z">
          <reporter-output>
          </reporter-output>
        </test-method> <!-- closeBroswer -->
      </class> <!-- com.automation.main.TC17903VerifyTheUI -->
      <class name="com.automation.main.TC17901CreatePastCourseAndVerifyAppearanceAccordinglyToEnrollementStatus">
        <test-method status="PASS" signature="setup()[pri:0, instance:com.automation.main.TC17901CreatePastCourseAndVerifyAppearanceAccordinglyToEnrollementStatus@6eebc39e]" name="setup" is-config="true" duration-ms="3520" started-at="2016-08-23T08:37:14Z" finished-at="2016-08-23T08:37:17Z">
          <reporter-output>
            <line>
              <![CDATA[STEP29]]>
            </line>
            <line>
              <![CDATA[STEP30]]>
            </line>
          </reporter-output>
        </test-method> <!-- setup -->
        <test-method status="PASS" signature="preTestCreateNewUser()[pri:0, instance:com.automation.main.TC17901CreatePastCourseAndVerifyAppearanceAccordinglyToEnrollementStatus@6eebc39e]" name="preTestCreateNewUser" duration-ms="76" started-at="2016-08-23T08:37:17Z" description="Login course page" finished-at="2016-08-23T08:37:17Z">
          <reporter-output>
          </reporter-output>
        </test-method> <!-- preTestCreateNewUser -->
        <test-method status="FAIL" signature="test17901()[pri:0, instance:com.automation.main.TC17901CreatePastCourseAndVerifyAppearanceAccordinglyToEnrollementStatus@6eebc39e]" name="test17901" duration-ms="74996" started-at="2016-08-23T08:37:17Z" depends-on-methods="com.automation.main.TC17901CreatePastCourseAndVerifyAppearanceAccordinglyToEnrollementStatus.preTestCreateNewUser" finished-at="2016-08-23T08:38:32Z">
          <exception class="junit.framework.AssertionFailedError">
            <message>
              <![CDATA[timeout]]>
            </message>
            <full-stacktrace>
              <![CDATA[junit.framework.AssertionFailedError: timeout
	at junit.framework.Assert.fail(Assert.java:50)
	at com.automation.main.LoginHelperPage.loginCourses(LoginHelperPage.java:135)
	at com.automation.main.TC17901CreatePastCourseAndVerifyAppearanceAccordinglyToEnrollementStatus.test17901(TC17901CreatePastCourseAndVerifyAppearanceAccordinglyToEnrollementStatus.java:326)
	at sun.reflect.NativeMethodAccessorImpl.invoke0(Native Method)
	at sun.reflect.NativeMethodAccessorImpl.invoke(Unknown Source)
	at sun.reflect.DelegatingMethodAccessorImpl.invoke(Unknown Source)
	at java.lang.reflect.Method.invoke(Unknown Source)
	at org.testng.internal.MethodInvocationHelper.invokeMethod(MethodInvocationHelper.java:80)
	at org.testng.internal.Invoker.invokeMethod(Invoker.java:714)
	at org.testng.internal.Invoker.invokeTestMethod(Invoker.java:901)
	at org.testng.internal.Invoker.invokeTestMethods(Invoker.java:1231)
	at org.testng.internal.TestMethodWorker.invokeTestMethods(TestMethodWorker.java:127)
	at org.testng.internal.TestMethodWorker.run(TestMethodWorker.java:111)
	at org.testng.TestRunner.privateRun(TestRunner.java:767)
	at org.testng.TestRunner.run(TestRunner.java:617)
	at org.testng.SuiteRunner.runTest(SuiteRunner.java:334)
	at org.testng.SuiteRunner.runSequentially(SuiteRunner.java:329)
	at org.testng.SuiteRunner.privateRun(SuiteRunner.java:291)
	at org.testng.SuiteRunner.run(SuiteRunner.java:240)
	at org.testng.SuiteRunnerWorker.runSuite(SuiteRunnerWorker.java:52)
	at org.testng.SuiteRunnerWorker.run(SuiteRunnerWorker.java:86)
	at org.testng.TestNG.runSuitesSequentially(TestNG.java:1198)
	at org.testng.TestNG.runSuitesLocally(TestNG.java:1123)
	at org.testng.TestNG.run(TestNG.java:1031)
	at org.testng.remote.AbstractRemoteTestNG.run(AbstractRemoteTestNG.java:126)
	at org.testng.remote.RemoteTestNG.initAndRun(RemoteTestNG.java:152)
	at org.testng.remote.RemoteTestNG.main(RemoteTestNG.java:57)
]]>
            </full-stacktrace>
          </exception> <!-- junit.framework.AssertionFailedError -->
          <reporter-output>
            <line>
              <![CDATA[STEP31]]>
            </line>
            <line>
              <![CDATA[STEP32]]>
            </line>
            <line>
              <![CDATA[STEP33]]>
            </line>
          </reporter-output>
        </test-method> <!-- test17901 -->
        <test-method status="PASS" signature="closeBroswer()[pri:0, instance:com.automation.main.TC17901CreatePastCourseAndVerifyAppearanceAccordinglyToEnrollementStatus@6eebc39e]" name="closeBroswer" is-config="true" duration-ms="878" started-at="2016-08-23T08:38:32Z" finished-at="2016-08-23T08:38:33Z">
          <reporter-output>
          </reporter-output>
        </test-method> <!-- closeBroswer -->
      </class> <!-- com.automation.main.TC17901CreatePastCourseAndVerifyAppearanceAccordinglyToEnrollementStatus -->
      <class name="com.automation.main.TC17933VerifypastCourseWithStudentRecording">
        <test-method status="PASS" signature="setup()[pri:0, instance:com.automation.main.TC17933VerifypastCourseWithStudentRecording@77cd7a0]" name="setup" is-config="true" duration-ms="3553" started-at="2016-08-23T08:41:35Z" finished-at="2016-08-23T08:41:39Z">
          <reporter-output>
            <line>
              <![CDATA[STEP48]]>
            </line>
            <line>
              <![CDATA[STEP49]]>
            </line>
          </reporter-output>
        </test-method> <!-- setup -->
        <test-method status="FAIL" signature="test17929()[pri:0, instance:com.automation.main.TC17933VerifypastCourseWithStudentRecording@77cd7a0]" name="test17929" duration-ms="82023" started-at="2016-08-23T08:41:39Z" description="17933 - Verify the past course with Student recording" finished-at="2016-08-23T08:43:01Z">
          <exception class="org.openqa.selenium.NoSuchElementException">
            <message>
              <![CDATA[no such element: Unable to locate element: {"method":"css selector","selector":"#ctl00_ContentPlaceHolder1_ucAddMemberships_ucDialog_ListBoxAllUsers>option"}
  (Session info: chrome=52.0.2743.116)
  (Driver info: chromedriver=2.22.397933 (1cab651507b88dec79b2b2a22d1943c01833cc1b),platform=Windows NT 10.0.10586 x86_64) (WARNING: The server did not provide any stacktrace information)
Command duration or timeout: 16 milliseconds
For documentation on this error, please visit: http://seleniumhq.org/exceptions/no_such_element.html
Build info: version: '2.53.1', revision: 'a36b8b1cd5757287168e54b817830adce9b0158d', time: '2016-06-30 19:26:09'
System info: host: 'DESKTOP-DEB4I2G', ip: '192.168.0.239', os.name: 'Windows 10', os.arch: 'amd64', os.version: '10.0', java.version: '1.8.0_77'
Driver info: org.openqa.selenium.chrome.ChromeDriver
Capabilities [{applicationCacheEnabled=false, rotatable=false, mobileEmulationEnabled=false, chrome={chromedriverVersion=2.22.397933 (1cab651507b88dec79b2b2a22d1943c01833cc1b), userDataDir=C:\Users\Mickael\AppData\Local\Temp\scoped_dir14156_14998}, takesHeapSnapshot=true, databaseEnabled=false, handlesAlerts=true, hasTouchScreen=false, version=52.0.2743.116, platform=XP, browserConnectionEnabled=false, nativeEvents=true, acceptSslCerts=true, locationContextEnabled=true, webStorageEnabled=true, browserName=chrome, takesScreenshot=true, javascriptEnabled=true, cssSelectorsEnabled=true}]
Session ID: 50af9fa35bf2461809c5ed143edad377
*** Element info: {Using=css selector, value=#ctl00_ContentPlaceHolder1_ucAddMemberships_ucDialog_ListBoxAllUsers>option}]]>
            </message>
            <full-stacktrace>
              <![CDATA[org.openqa.selenium.NoSuchElementException: no such element: Unable to locate element: {"method":"css selector","selector":"#ctl00_ContentPlaceHolder1_ucAddMemberships_ucDialog_ListBoxAllUsers>option"}
  (Session info: chrome=52.0.2743.116)
  (Driver info: chromedriver=2.22.397933 (1cab651507b88dec79b2b2a22d1943c01833cc1b),platform=Windows NT 10.0.10586 x86_64) (WARNING: The server did not provide any stacktrace information)
Command duration or timeout: 16 milliseconds
For documentation on this error, please visit: http://seleniumhq.org/exceptions/no_such_element.html
Build info: version: '2.53.1', revision: 'a36b8b1cd5757287168e54b817830adce9b0158d', time: '2016-06-30 19:26:09'
System info: host: 'DESKTOP-DEB4I2G', ip: '192.168.0.239', os.name: 'Windows 10', os.arch: 'amd64', os.version: '10.0', java.version: '1.8.0_77'
Driver info: org.openqa.selenium.chrome.ChromeDriver
Capabilities [{applicationCacheEnabled=false, rotatable=false, mobileEmulationEnabled=false, chrome={chromedriverVersion=2.22.397933 (1cab651507b88dec79b2b2a22d1943c01833cc1b), userDataDir=C:\Users\Mickael\AppData\Local\Temp\scoped_dir14156_14998}, takesHeapSnapshot=true, databaseEnabled=false, handlesAlerts=true, hasTouchScreen=false, version=52.0.2743.116, platform=XP, browserConnectionEnabled=false, nativeEvents=true, acceptSslCerts=true, locationContextEnabled=true, webStorageEnabled=true, browserName=chrome, takesScreenshot=true, javascriptEnabled=true, cssSelectorsEnabled=true}]
Session ID: 50af9fa35bf2461809c5ed143edad377
*** Element info: {Using=css selector, value=#ctl00_ContentPlaceHolder1_ucAddMemberships_ucDialog_ListBoxAllUsers>option}
	at sun.reflect.NativeConstructorAccessorImpl.newInstance0(Native Method)
	at sun.reflect.NativeConstructorAccessorImpl.newInstance(Unknown Source)
	at sun.reflect.DelegatingConstructorAccessorImpl.newInstance(Unknown Source)
	at java.lang.reflect.Constructor.newInstance(Unknown Source)
	at org.openqa.selenium.remote.ErrorHandler.createThrowable(ErrorHandler.java:206)
	at org.openqa.selenium.remote.ErrorHandler.throwIfResponseFailed(ErrorHandler.java:158)
	at org.openqa.selenium.remote.RemoteWebDriver.execute(RemoteWebDriver.java:678)
	at org.openqa.selenium.remote.RemoteWebDriver.findElement(RemoteWebDriver.java:363)
	at org.openqa.selenium.remote.RemoteWebDriver.findElementByCssSelector(RemoteWebDriver.java:492)
	at org.openqa.selenium.By$ByCssSelector.findElement(By.java:430)
	at org.openqa.selenium.remote.RemoteWebDriver.findElement(RemoteWebDriver.java:355)
	at org.openqa.selenium.support.pagefactory.DefaultElementLocator.findElement(DefaultElementLocator.java:69)
	at org.openqa.selenium.support.pagefactory.internal.LocatingElementHandler.invoke(LocatingElementHandler.java:38)
	at com.sun.proxy.$Proxy8.getText(Unknown Source)
	at com.automation.main.ManageAdHocCoursesMembershipWindow.searchForUser(ManageAdHocCoursesMembershipWindow.java:87)
	at com.automation.main.TC17933VerifypastCourseWithStudentRecording.test17929(TC17933VerifypastCourseWithStudentRecording.java:217)
	at sun.reflect.NativeMethodAccessorImpl.invoke0(Native Method)
	at sun.reflect.NativeMethodAccessorImpl.invoke(Unknown Source)
	at sun.reflect.DelegatingMethodAccessorImpl.invoke(Unknown Source)
	at java.lang.reflect.Method.invoke(Unknown Source)
	at org.testng.internal.MethodInvocationHelper.invokeMethod(MethodInvocationHelper.java:80)
	at org.testng.internal.Invoker.invokeMethod(Invoker.java:714)
	at org.testng.internal.Invoker.invokeTestMethod(Invoker.java:901)
	at org.testng.internal.Invoker.invokeTestMethods(Invoker.java:1231)
	at org.testng.internal.TestMethodWorker.invokeTestMethods(TestMethodWorker.java:127)
	at org.testng.internal.TestMethodWorker.run(TestMethodWorker.java:111)
	at org.testng.TestRunner.privateRun(TestRunner.java:767)
	at org.testng.TestRunner.run(TestRunner.java:617)
	at org.testng.SuiteRunner.runTest(SuiteRunner.java:334)
	at org.testng.SuiteRunner.runSequentially(SuiteRunner.java:329)
	at org.testng.SuiteRunner.privateRun(SuiteRunner.java:291)
	at org.testng.SuiteRunner.run(SuiteRunner.java:240)
	at org.testng.SuiteRunnerWorker.runSuite(SuiteRunnerWorker.java:52)
	at org.testng.SuiteRunnerWorker.run(SuiteRunnerWorker.java:86)
	at org.testng.TestNG.runSuitesSequentially(TestNG.java:1198)
	at org.testng.TestNG.runSuitesLocally(TestNG.java:1123)
	at org.testng.TestNG.run(TestNG.java:1031)
	at org.testng.remote.AbstractRemoteTestNG.run(AbstractRemoteTestNG.java:126)
	at org.testng.remote.RemoteTestNG.initAndRun(RemoteTestNG.java:152)
	at org.testng.remote.RemoteTestNG.main(RemoteTestNG.java:57)
]]>
            </full-stacktrace>
          </exception> <!-- org.openqa.selenium.NoSuchElementException -->
          <reporter-output>
            <line>
              <![CDATA[STEP50]]>
            </line>
            <line>
              <![CDATA[STEP51]]>
            </line>
            <line>
              <![CDATA[STEP52]]>
            </line>
            <line>
              <![CDATA[STEP53]]>
            </line>
            <line>
              <![CDATA[STEP54]]>
            </line>
          </reporter-output>
        </test-method> <!-- test17929 -->
        <test-method status="PASS" signature="closeBroswer()[pri:0, instance:com.automation.main.TC17933VerifypastCourseWithStudentRecording@77cd7a0]" name="closeBroswer" is-config="true" duration-ms="839" started-at="2016-08-23T08:43:01Z" finished-at="2016-08-23T08:43:02Z">
          <reporter-output>
          </reporter-output>
        </test-method> <!-- closeBroswer -->
      </class> <!-- com.automation.main.TC17933VerifypastCourseWithStudentRecording -->
      <class name="com.automation.main.TC24766VerifyCopyFromPastCourseToActiveCourse">
        <test-method status="PASS" signature="setup()[pri:0, instance:com.automation.main.TC24766VerifyCopyFromPastCourseToActiveCourse@464bee09]" name="setup" is-config="true" duration-ms="3648" started-at="2016-08-23T08:35:57Z" finished-at="2016-08-23T08:36:01Z">
          <reporter-output>
            <line>
              <![CDATA[STEP24]]>
            </line>
            <line>
              <![CDATA[STEP25]]>
            </line>
          </reporter-output>
        </test-method> <!-- setup -->
        <test-method status="FAIL" signature="test24766()[pri:0, instance:com.automation.main.TC24766VerifyCopyFromPastCourseToActiveCourse@464bee09]" name="test24766" duration-ms="72029" started-at="2016-08-23T08:36:01Z" finished-at="2016-08-23T08:37:13Z">
          <exception class="junit.framework.AssertionFailedError">
            <message>
              <![CDATA[timeout]]>
            </message>
            <full-stacktrace>
              <![CDATA[junit.framework.AssertionFailedError: timeout
	at junit.framework.Assert.fail(Assert.java:50)
	at com.automation.main.LoginHelperPage.loginCourses(LoginHelperPage.java:135)
	at com.automation.main.TC24766VerifyCopyFromPastCourseToActiveCourse.test24766(TC24766VerifyCopyFromPastCourseToActiveCourse.java:276)
	at sun.reflect.NativeMethodAccessorImpl.invoke0(Native Method)
	at sun.reflect.NativeMethodAccessorImpl.invoke(Unknown Source)
	at sun.reflect.DelegatingMethodAccessorImpl.invoke(Unknown Source)
	at java.lang.reflect.Method.invoke(Unknown Source)
	at org.testng.internal.MethodInvocationHelper.invokeMethod(MethodInvocationHelper.java:80)
	at org.testng.internal.Invoker.invokeMethod(Invoker.java:714)
	at org.testng.internal.Invoker.invokeTestMethod(Invoker.java:901)
	at org.testng.internal.Invoker.invokeTestMethods(Invoker.java:1231)
	at org.testng.internal.TestMethodWorker.invokeTestMethods(TestMethodWorker.java:127)
	at org.testng.internal.TestMethodWorker.run(TestMethodWorker.java:111)
	at org.testng.TestRunner.privateRun(TestRunner.java:767)
	at org.testng.TestRunner.run(TestRunner.java:617)
	at org.testng.SuiteRunner.runTest(SuiteRunner.java:334)
	at org.testng.SuiteRunner.runSequentially(SuiteRunner.java:329)
	at org.testng.SuiteRunner.privateRun(SuiteRunner.java:291)
	at org.testng.SuiteRunner.run(SuiteRunner.java:240)
	at org.testng.SuiteRunnerWorker.runSuite(SuiteRunnerWorker.java:52)
	at org.testng.SuiteRunnerWorker.run(SuiteRunnerWorker.java:86)
	at org.testng.TestNG.runSuitesSequentially(TestNG.java:1198)
	at org.testng.TestNG.runSuitesLocally(TestNG.java:1123)
	at org.testng.TestNG.run(TestNG.java:1031)
	at org.testng.remote.AbstractRemoteTestNG.run(AbstractRemoteTestNG.java:126)
	at org.testng.remote.RemoteTestNG.initAndRun(RemoteTestNG.java:152)
	at org.testng.remote.RemoteTestNG.main(RemoteTestNG.java:57)
]]>
            </full-stacktrace>
          </exception> <!-- junit.framework.AssertionFailedError -->
          <reporter-output>
            <line>
              <![CDATA[STEP26]]>
            </line>
            <line>
              <![CDATA[STEP27]]>
            </line>
            <line>
              <![CDATA[STEP28]]>
            </line>
          </reporter-output>
        </test-method> <!-- test24766 -->
        <test-method status="PASS" signature="closeBroswer()[pri:0, instance:com.automation.main.TC24766VerifyCopyFromPastCourseToActiveCourse@464bee09]" name="closeBroswer" is-config="true" duration-ms="912" started-at="2016-08-23T08:37:13Z" finished-at="2016-08-23T08:37:14Z">
          <reporter-output>
          </reporter-output>
        </test-method> <!-- closeBroswer -->
      </class> <!-- com.automation.main.TC24766VerifyCopyFromPastCourseToActiveCourse -->
    </test> <!-- Test -->
  </suite> <!-- Suite -->
</testng-results>
