<!DOCTYPE html>

<html>
    <head>
        <title>Pie Charts</title>

        <link rel="stylesheet" type="text/css" href="../../../../../../../../../../HTML_Design_Files/CSS/design.css" />
        <link rel="stylesheet" type="text/css" href="../../../../../../../../../../HTML_Design_Files/CSS/jquery.jqplot.css" />

        <script type="text/javascript" src="../../../../../../../../../../HTML_Design_Files/JS/jquery.min.js"></script>
        <script type="text/javascript" src="../../../../../../../../../../HTML_Design_Files/JS/jquery.jqplot.min.js"></script>
        <!--[if lt IE 9]>
        <script language="javascript" type="text/javascript" src="../../../../../../../../../../HTML_Design_Files/JS/excanvas.js"></script>
        <![endif]-->

        <script language="javascript" type="text/javascript" src="../../../../../../../../../../HTML_Design_Files/JS/jqplot.pieRenderer.min.js"></script>
        <script language="javascript" type="text/javascript">$(document).ready(function() { $(".exception").hide(); $("#showmenu").show(); $('#showmenu').click(function() { $('.exception').toggle("slide"); }); });        </script>    </head>
    <body>
        <table id="mainTable">
            <tr id="header" >
                <td id="logo"><img src="../../../../../../../../../../HTML_Design_Files/IMG/atu.jpg" alt="Logo" height="80" width="140" /> <br/><i style="float:left;padding-left:20px;font-size:12px">Reflections of Visionary Minds</i></td>
                <td id="headertext">
           Q.M.R         
<div style="padding-right:20px;float:right"><img src="../../../../../../../../../../HTML_Design_Files/IMG/McGraw_Hill_Education_Logo.jpg" height="70" width="140" /> </i></div>                </td>
            </tr>

            <tr id="container">
                <td id="menu">
                    <ul> 

 <li class="menuStyle"><a href="../../../../../../../../../../index.html" >Index</a></li><li style="padding-top: 4px;"><a href="../../../../../../../../../ConsolidatedPage.html" >Consolidated Page</a></li>


                    </ul>
                </td>


<td id="content">   
                    <div class="info">
                        The following table lists down the Sequential Steps during the Run <br/>
TestCase Name: <b>test17022  :  Iteration 1</b><br/>                        Time Taken for Executing: <b>199 Sec</b> <br/>
                        Current Run Number: <b>Run 61</b></br>
Method Type: <b>Test Method</b></br>                    </div>
<div class="info"><br/><b>Requirement Coverage/ TestCase Description</b><br/><br/>Requirement Coverage/Build Info/Cycle - Description</div>
<div class="chartStyle summary" style="background-color: #646D7E;width: 30%; height: 200px;">          
                        <b>Execution Platform Details</b><br/><br/>
                        <table>
                            <tr>
                                <td>O.S</td>
                                <td>&nbsp;&nbsp;:&nbsp;&nbsp;</td>
                                <td>Windows 8.1, amd64Bit, v6.3</td>
                            </tr>
                            <tr>
                                <td>Java</td>
                                <td>&nbsp;&nbsp;:&nbsp;&nbsp;</td>
                                <td>1.8.0_65</td>
                            </tr>

                            <tr>
                                <td>Hostname</td>
                                <td>&nbsp;&nbsp;:&nbsp;&nbsp;</td>
                                <td>QA-2-Win8_1-64</td>
                            </tr>

                            <tr>
                                <td>Selenium</td>
                                <td>&nbsp;&nbsp;:&nbsp;&nbsp;</td>
                                <td>2.53.1</td>
                            </tr>
                        </table>  
                    </div>
                   
 <div class="chartStyle summary" style="background-color: #E03C31;margin-left: 20px; height: 200px;width: 30%; ">
                        <b>Summary</b><br/><br/>
                        <table>
                            <tr>
                                <td>Status</td>
                                <td>&nbsp;&nbsp;:&nbsp;&nbsp;</td>
                                <td>Failed</td>
                            </tr>
                            <tr>
                                <td>Execution Date</td>
                                <td>&nbsp;&nbsp;:&nbsp;&nbsp;</td>
                                <td>08-Nov-2016 03:24:41</td>
                            </tr>
                            

                            <tr>
                                <td>Browser</td>
                                <td>&nbsp;&nbsp;:&nbsp;&nbsp;</td>
                                <td>firefox,v47.0.1</td>
                            </tr>
                        </table> 
                    </div>
 <div class="chartStyle summary" style="background-color: #7F525D;margin-left: 20px; height: 200px;width: 30%; ">
                       <b>Author Info</b><br/><br/>
                        <table>
                            <tr>
                                <td>Author Name</td>
                                <td>&nbsp;&nbsp;:&nbsp;&nbsp;</td>
                                <td>Unknown</td>                                
                            </tr>
                            <tr>
                                <td>Creation Date</td>
                                <td>&nbsp;&nbsp;:&nbsp;&nbsp;</td>
                                <td>Unknown</td>
                            </tr>
                            <tr>
                                <td>Version</td>
                                <td>&nbsp;&nbsp;:&nbsp;&nbsp;</td>
                                <td>Unknown</td>
                            </tr>
                            <tr>
                                <td>System User</td>
                                <td>&nbsp;&nbsp;:&nbsp;&nbsp;</td>
                                <td>MoshikK</td>
                            </tr>
                        </table> 
                    </div>
                    
   <div>
                        <table class="chartStyle" id="tableStyle" style="height:50px; float: left">
                            <tr>
                                <th>S.No</th>
                                <th>Step Description</th>
                                <th>Input Value</th>
                                <th>Expected Value</th>
                                <th>Actual Value</th>
                                <th>Time</th>
                                <th>Line No</th>
                                <th>Status</th>
                                <th>Screen shot</th>
                            </tr>
                           

<tr><td>1</td>
<td> load page succeeded</td>
<td>https://awsserverautomation-perf-5.tegrity.com</td>
<td></td>
<td></td>
<td>4 Sec</td>
<td>414</td>
<td><img style="height:20px;width:20px;border:none"  alt="PASS" src="../../../../../../../../../..//HTML_Design_Files/IMG/logpass.png" /></td>
<td><a href="img/1.PNG"><img alt="No Screenshot" src="img/1.PNG"/></a></td>
</tr><tr><td>2</td>
<td>Clicked on Login element</td>
<td></td>
<td>Clicked succeeded.</td>
<td>Clicked succeeded..</td>
<td>4 Sec</td>
<td>83</td>
<td><img style="height:20px;width:20px;border:none"  alt="PASS" src="../../../../../../../../../..//HTML_Design_Files/IMG/logpass.png" /></td>
<td></td>
</tr><tr><td>3</td>
<td>Tegrity courses home page is visible</td>
<td>User120102016020946</td>
<td>Course List page is displayed</td>
<td>Course List page is displayed</td>
<td>6 Sec</td>
<td>139</td>
<td><img style="height:20px;width:20px;border:none"  alt="PASS" src="../../../../../../../../../..//HTML_Design_Files/IMG/logpass.png" /></td>
<td></td>
</tr><tr><td>4</td>
<td>successflly select the course.</td>
<td></td>
<td></td>
<td></td>
<td>5 Sec</td>
<td>275</td>
<td><img style="height:20px;width:20px;border:none"  alt="PASS" src="../../../../../../../../../..//HTML_Design_Files/IMG/logpass.png" /></td>
<td></td>
</tr><tr><td>5</td>
<td>select the course: Abawsserverautomation-perf-520102016020946_Name</td>
<td></td>
<td></td>
<td></td>
<td>4 Sec</td>
<td>442</td>
<td><img style="height:20px;width:20px;border:none"  alt="PASS" src="../../../../../../../../../..//HTML_Design_Files/IMG/logpass.png" /></td>
<td></td>
</tr><tr><td>6</td>
<td>Checkbox all is selected</td>
<td></td>
<td></td>
<td></td>
<td>1 Sec</td>
<td>1773</td>
<td><img style="height:20px;width:20px;border:none"  alt="PASS" src="../../../../../../../../../..//HTML_Design_Files/IMG/logpass.png" /></td>
<td></td>
</tr><tr><td>7</td>
<td>Checkbox.</td>
<td></td>
<td>Success to select.</td>
<td>Sucess to select.</td>
<td>1 Sec</td>
<td>3797</td>
<td><img style="height:20px;width:20px;border:none"  alt="PASS" src="../../../../../../../../../..//HTML_Design_Files/IMG/logpass.png" /></td>
<td></td>
</tr><tr><td>8</td>
<td>Select Recording Tasks -> EditRecordingProperties menu items</td>
<td></td>
<td>EditRecordingProperties window is displayed</td>
<td>EditRecordingProperties window is displayed</td>
<td>2 Sec</td>
<td>1988</td>
<td><img style="height:20px;width:20px;border:none"  alt="PASS" src="../../../../../../../../../..//HTML_Design_Files/IMG/logpass.png" /></td>
<td></td>
</tr><tr><td>9</td>
<td>Recording name changed.</td>
<td></td>
<td>Change to: Change recording name</td>
<td>Changed to [[FirefoxDriver: firefox on WINDOWS (09532c08-4ca4-4547-a9b0-94147c4062a8)] -> id: recordingTItle]Change recording name</td>
<td>3 Sec</td>
<td>485</td>
<td><img style="height:20px;width:20px;border:none"  alt="PASS" src="../../../../../../../../../..//HTML_Design_Files/IMG/logpass.png" /></td>
<td></td>
</tr><tr><td>10</td>
<td>Clicked on save button.</td>
<td></td>
<td>Success.</td>
<td>Success.</td>
<td>291 Milli Sec</td>
<td>510</td>
<td><img style="height:20px;width:20px;border:none"  alt="PASS" src="../../../../../../../../../..//HTML_Design_Files/IMG/logpass.png" /></td>
<td></td>
</tr><tr><td>11</td>
<td>The Edit Recording Properites window was close at time.</td>
<td></td>
<td>Success.</td>
<td>Success.</td>
<td>6 Sec</td>
<td>851</td>
<td><img style="height:20px;width:20px;border:none"  alt="PASS" src="../../../../../../../../../..//HTML_Design_Files/IMG/logpass.png" /></td>
<td></td>
</tr><tr><td>12</td>
<td>Confirm window.</td>
<td></td>
<td>Closed.</td>
<td>Closed.</td>
<td>0 Milli Sec</td>
<td>871</td>
<td><img style="height:20px;width:20px;border:none"  alt="PASS" src="../../../../../../../../../..//HTML_Design_Files/IMG/logpass.png" /></td>
<td></td>
</tr><tr><td>13</td>
<td>Confirm menu background color is same as recording background color.</td>
<td></td>
<td></td>
<td></td>
<td>2 Sec</td>
<td>691</td>
<td><img style="height:20px;width:20px;border:none"  alt="PASS" src="../../../../../../../../../..//HTML_Design_Files/IMG/logpass.png" /></td>
<td></td>
</tr><tr><td>14</td>
<td>The location of the ok button is on the right bottom.</td>
<td></td>
<td></td>
<td></td>
<td>54 Milli Sec</td>
<td>709</td>
<td><img style="height:20px;width:20px;border:none"  alt="PASS" src="../../../../../../../../../..//HTML_Design_Files/IMG/logpass.png" /></td>
<td></td>
</tr><tr><td>15</td>
<td>Clicked on OK button.</td>
<td></td>
<td></td>
<td></td>
<td>226 Milli Sec</td>
<td>390</td>
<td><img style="height:20px;width:20px;border:none"  alt="PASS" src="../../../../../../../../../..//HTML_Design_Files/IMG/logpass.png" /></td>
<td></td>
</tr><tr><td>16</td>
<td>Confirm window.</td>
<td></td>
<td>Closed.</td>
<td>Closed.</td>
<td>3 Sec</td>
<td>449</td>
<td><img style="height:20px;width:20px;border:none"  alt="PASS" src="../../../../../../../../../..//HTML_Design_Files/IMG/logpass.png" /></td>
<td></td>
</tr><tr><td>17</td>
<td>Recording list.</td>
<td></td>
<td>Target recording exist.</td>
<td>Target recording exist.</td>
<td>472 Milli Sec</td>
<td>2663</td>
<td><img style="height:20px;width:20px;border:none"  alt="PASS" src="../../../../../../../../../..//HTML_Design_Files/IMG/logpass.png" /></td>
<td></td>
</tr><tr><td>18</td>
<td>The status has not change in less then 120 seconds.</td>
<td></td>
<td>True.</td>
<td>True.</td>
<td>120 Sec</td>
<td>4690</td>
<td><img style="height:18px;width:18px;border:none"  alt="FAIL" src="../../../../../../../../../..//HTML_Design_Files/IMG/logfail.png" /></td>
<td><a href="img/18.PNG"><img alt="No Screenshot" src="img/18.PNG"/></a></td>
</tr><tr><td>19</td>
<td>Checkbox all is selected</td>
<td></td>
<td></td>
<td></td>
<td>414 Milli Sec</td>
<td>1773</td>
<td><img style="height:20px;width:20px;border:none"  alt="PASS" src="../../../../../../../../../..//HTML_Design_Files/IMG/logpass.png" /></td>
<td></td>
</tr><tr><td>20</td>
<td>Checkbox.</td>
<td></td>
<td>Success to select.</td>
<td>Sucess to select.</td>
<td>1 Sec</td>
<td>3797</td>
<td><img style="height:20px;width:20px;border:none"  alt="PASS" src="../../../../../../../../../..//HTML_Design_Files/IMG/logpass.png" /></td>
<td></td>
</tr><tr><td>21</td>
<td>Select Recording Tasks -> EditRecordingProperties menu items</td>
<td></td>
<td>EditRecordingProperties window is displayed</td>
<td>EditRecordingProperties window is displayed</td>
<td>1 Sec</td>
<td>1988</td>
<td><img style="height:20px;width:20px;border:none"  alt="PASS" src="../../../../../../../../../..//HTML_Design_Files/IMG/logpass.png" /></td>
<td></td>
</tr>
                        </table>  
 <div class="chartStyle summary" style="color: black;width: 98%; height: 100%; padding-bottom: 30px;">          

                        <br/><br/><b>Reason for Failure:&nbsp;&nbsp;</b>Time Out Error{applicationCacheEnabled=true, rotatable=false, handlesAlerts=true, databaseEnabled=true, version=47.0.1, platform=WINDOWS, nativeEvents=false, acceptSslCerts=true, webStorageEnabled=true, locationContextEnabled=true, browserName=firefox, takesScreenshot=true, javascriptEnabled=true, cssSelectorsEnabled=true<br/><br/>
<b id="showmenu">Click Me to Show/Hide the Full Stack Trace</b><div class="exception">
org.openqa.selenium.TimeoutException: Timed out after 30 seconds waiting for visibility of Proxy element for: DefaultElementLocator 'By.id: recordingTItle'
Build info: version: '2.53.1', revision: 'a36b8b1cd5757287168e54b817830adce9b0158d', time: '2016-06-30 19:26:09'
System info: host: 'QA-2-Win8_1-64', ip: '192.168.0.235', os.name: 'Windows 8.1', os.arch: 'amd64', os.version: '6.3', java.version: '1.8.0_65'
Driver info: org.openqa.selenium.firefox.FirefoxDriver
Capabilities [{applicationCacheEnabled=true, rotatable=false, handlesAlerts=true, databaseEnabled=true, version=47.0.1, platform=WINDOWS, nativeEvents=false, acceptSslCerts=true, webStorageEnabled=true, locationContextEnabled=true, browserName=firefox, takesScreenshot=true, javascriptEnabled=true, cssSelectorsEnabled=true}]
Session ID: 09532c08-4ca4-4547-a9b0-94147c4062a8
	at org.openqa.selenium.support.ui.WebDriverWait.timeoutException(WebDriverWait.java:80)
	at org.openqa.selenium.support.ui.FluentWait.until(FluentWait.java:261)
	at com.automation.main.page_helpers.EditRecordinPropertiesWindow.waitForPageToLoad(EditRecordinPropertiesWindow.java:137)
	at com.automation.main.edit_recording_properties.TC17022ValidateMultipleChangesInARowOnTheSameRecording.test17022(TC17022ValidateMultipleChangesInARowOnTheSameRecording.java:146)
	at sun.reflect.NativeMethodAccessorImpl.invoke0(Native Method)
	at sun.reflect.NativeMethodAccessorImpl.invoke(NativeMethodAccessorImpl.java:62)
	at sun.reflect.DelegatingMethodAccessorImpl.invoke(DelegatingMethodAccessorImpl.java:43)
	at java.lang.reflect.Method.invoke(Method.java:497)
	at org.testng.internal.MethodInvocationHelper.invokeMethod(MethodInvocationHelper.java:86)
	at org.testng.internal.Invoker.invokeMethod(Invoker.java:643)
	at org.testng.internal.Invoker.invokeTestMethod(Invoker.java:820)
	at org.testng.internal.Invoker.invokeTestMethods(Invoker.java:1128)
	at org.testng.internal.TestMethodWorker.invokeTestMethods(TestMethodWorker.java:129)
	at org.testng.internal.TestMethodWorker.run(TestMethodWorker.java:112)
	at org.testng.TestRunner.privateRun(TestRunner.java:782)
	at org.testng.TestRunner.run(TestRunner.java:632)
	at org.testng.SuiteRunner.runTest(SuiteRunner.java:366)
	at org.testng.SuiteRunner.runSequentially(SuiteRunner.java:361)
	at org.testng.SuiteRunner.privateRun(SuiteRunner.java:319)
	at org.testng.SuiteRunner.run(SuiteRunner.java:268)
	at org.testng.SuiteRunnerWorker.runSuite(SuiteRunnerWorker.java:52)
	at org.testng.SuiteRunnerWorker.run(SuiteRunnerWorker.java:86)
	at org.testng.TestNG.runSuitesSequentially(TestNG.java:1244)
	at org.testng.TestNG.runSuitesLocally(TestNG.java:1169)
	at org.testng.TestNG.run(TestNG.java:1064)
	at org.testng.remote.RemoteTestNG.run(RemoteTestNG.java:113)
	at org.testng.remote.RemoteTestNG.initAndRun(RemoteTestNG.java:206)
	at org.testng.remote.RemoteTestNG.main(RemoteTestNG.java:177)
Caused by: org.openqa.selenium.NoSuchElementException: Unable to locate element: {"method":"id","selector":"recordingTItle"}
Command duration or timeout: 25 milliseconds
For documentation on this error, please visit: http://seleniumhq.org/exceptions/no_such_element.html
Build info: version: '2.53.1', revision: 'a36b8b1cd5757287168e54b817830adce9b0158d', time: '2016-06-30 19:26:09'
System info: host: 'QA-2-Win8_1-64', ip: '192.168.0.235', os.name: 'Windows 8.1', os.arch: 'amd64', os.version: '6.3', java.version: '1.8.0_65'
Driver info: org.openqa.selenium.firefox.FirefoxDriver
Capabilities [{applicationCacheEnabled=true, rotatable=false, handlesAlerts=true, databaseEnabled=true, version=47.0.1, platform=WINDOWS, nativeEvents=false, acceptSslCerts=true, webStorageEnabled=true, locationContextEnabled=true, browserName=firefox, takesScreenshot=true, javascriptEnabled=true, cssSelectorsEnabled=true}]
Session ID: 09532c08-4ca4-4547-a9b0-94147c4062a8
*** Element info: {Using=id, value=recordingTItle}
	at sun.reflect.GeneratedConstructorAccessor14.newInstance(Unknown Source)
	at sun.reflect.DelegatingConstructorAccessorImpl.newInstance(DelegatingConstructorAccessorImpl.java:45)
	at java.lang.reflect.Constructor.newInstance(Constructor.java:422)
	at org.openqa.selenium.remote.ErrorHandler.createThrowable(ErrorHandler.java:206)
	at org.openqa.selenium.remote.ErrorHandler.throwIfResponseFailed(ErrorHandler.java:158)
	at org.openqa.selenium.remote.RemoteWebDriver.execute(RemoteWebDriver.java:678)
	at org.openqa.selenium.remote.RemoteWebDriver.findElement(RemoteWebDriver.java:363)
	at org.openqa.selenium.remote.RemoteWebDriver.findElementById(RemoteWebDriver.java:413)
	at org.openqa.selenium.By$ById.findElement(By.java:218)
	at org.openqa.selenium.remote.RemoteWebDriver.findElement(RemoteWebDriver.java:355)
	at org.openqa.selenium.support.pagefactory.DefaultElementLocator.findElement(DefaultElementLocator.java:69)
	at org.openqa.selenium.support.pagefactory.internal.LocatingElementHandler.invoke(LocatingElementHandler.java:38)
	at com.sun.proxy.$Proxy7.isDisplayed(Unknown Source)
	at org.openqa.selenium.support.ui.ExpectedConditions.elementIfVisible(ExpectedConditions.java:302)
	at org.openqa.selenium.support.ui.ExpectedConditions.access$100(ExpectedConditions.java:41)
	at org.openqa.selenium.support.ui.ExpectedConditions$10.apply(ExpectedConditions.java:288)
	at org.openqa.selenium.support.ui.ExpectedConditions$10.apply(ExpectedConditions.java:285)
	at org.openqa.selenium.support.ui.FluentWait.until(FluentWait.java:238)
	... 26 more
Caused by: org.openqa.selenium.NoSuchElementException: Unable to locate element: {"method":"id","selector":"recordingTItle"}
For documentation on this error, please visit: http://seleniumhq.org/exceptions/no_such_element.html
Build info: version: '2.53.1', revision: 'a36b8b1cd5757287168e54b817830adce9b0158d', time: '2016-06-30 19:26:09'
System info: host: 'QA-2-Win8_1-64', ip: '192.168.0.235', os.name: 'Windows 8.1', os.arch: 'amd64', os.version: '6.3', java.version: '1.8.0_65'
Driver info: driver.version: unknown
	at <anonymous class>.FirefoxDriver.prototype.findElementInternal_(file:///C:/Users/moshikk/AppData/Local/Temp/anonymous4226846896569490299webdriver-profile/extensions/fxdriver@googlecode.com/components/driver-component.js:10770)
	at <anonymous class>.FirefoxDriver.prototype.findElement(file:///C:/Users/moshikk/AppData/Local/Temp/anonymous4226846896569490299webdriver-profile/extensions/fxdriver@googlecode.com/components/driver-component.js:10779)
	at <anonymous class>.DelayedCommand.prototype.executeInternal_/h(file:///C:/Users/moshikk/AppData/Local/Temp/anonymous4226846896569490299webdriver-profile/extensions/fxdriver@googlecode.com/components/command-processor.js:12661)
	at <anonymous class>.DelayedCommand.prototype.executeInternal_(file:///C:/Users/moshikk/AppData/Local/Temp/anonymous4226846896569490299webdriver-profile/extensions/fxdriver@googlecode.com/components/command-processor.js:12666)
	at <anonymous class>.DelayedCommand.prototype.execute/<(file:///C:/Users/moshikk/AppData/Local/Temp/anonymous4226846896569490299webdriver-profile/extensions/fxdriver@googlecode.com/components/command-processor.js:12608)
</div>                    </div>                    </div>

                </td>
            </tr>            <tr id="footer">
                <td colspan="2">
                    Best Viewed in &nbsp;
                    <a href="http://www.mozilla.org/en-US/firefox/new/">Firefox</a> &nbsp;
                    <a href="http://www.apple.com/in/safari/">Safari</a>&nbsp;
                    <a href="http://www.google.com/chrome/">Chrome</a>&nbsp;
                    <a href="http://windows.microsoft.com/en-IN/internet-explorer/download-ie">IE 9 & Above</a>&nbsp;
                    &nbsp;
ATU Reporter Version: v5.1.1                    &nbsp;
                    Reports by: <a href="http://automationtestingutilities.blogspot.in/">Automation Testing Utilities</a>
                </td>
            </tr>
        </table>
    </body>
</html>
